Log file open, 09/19/20 03:04:59
LogWindows: Failed to load 'aqProf.dll' (GetLastError=126)
LogWindows: File 'aqProf.dll' does not exist
LogWindows: Failed to load 'VtuneApi.dll' (GetLastError=126)
LogWindows: File 'VtuneApi.dll' does not exist
LogWindows: Failed to load 'VtuneApi32e.dll' (GetLastError=126)
LogWindows: File 'VtuneApi32e.dll' does not exist
LogConsoleResponse: Display: Failed to find resolution value strings in scalability ini. Falling back to default.
LogInit: Display: Running engine for game: MyProject2
LogPakFile: Registered encryption key '00000000000000000000000000000000': 0 pak files mounted, 0 remain pending
LogPlatformFile: Not using cached read wrapper
LogTaskGraph: Started task graph with 5 named threads and 14 total threads with 3 sets of task threads.
LogStats: Stats thread started at 5.754031
LogD3D11RHI: Loaded GFSDK_Aftermath_Lib.x64.dll
LogICUInternationalization: ICU TimeZone Detection - Raw Offset: -8:00, Platform Override: ''
LogPluginManager: Mounting plugin Paper2D
LogPluginManager: Mounting plugin AISupport
LogPluginManager: Mounting plugin LightPropagationVolume
LogPluginManager: Mounting plugin ActorLayerUtilities
LogPluginManager: Mounting plugin AnimationSharing
LogPluginManager: Mounting plugin CLionSourceCodeAccess
LogPluginManager: Mounting plugin CodeLiteSourceCodeAccess
LogPluginManager: Mounting plugin GitSourceControl
LogPluginManager: Mounting plugin KDevelopSourceCodeAccess
LogPluginManager: Mounting plugin NullSourceCodeAccess
LogPluginManager: Mounting plugin PerforceSourceControl
LogPluginManager: Mounting plugin SubversionSourceControl
LogPluginManager: Mounting plugin UObjectPlugin
LogPluginManager: Mounting plugin VisualStudioCodeSourceCodeAccess
LogPluginManager: Mounting plugin VisualStudioSourceCodeAccess
LogPluginManager: Mounting plugin XCodeSourceCodeAccess
LogPluginManager: Mounting plugin AssetManagerEditor
LogPluginManager: Mounting plugin CryptoKeys
LogPluginManager: Mounting plugin DataValidation
LogPluginManager: Mounting plugin FacialAnimation
LogPluginManager: Mounting plugin GameplayTagsEditor
LogPluginManager: Mounting plugin MacGraphicsSwitching
LogPluginManager: Mounting plugin MaterialAnalyzer
LogPluginManager: Mounting plugin MobileLauncherProfileWizard
LogPluginManager: Mounting plugin PluginBrowser
LogPluginManager: Mounting plugin SpeedTreeImporter
LogPluginManager: Mounting plugin DatasmithContent
LogPluginManager: Mounting plugin VariantManagerContent
LogPluginManager: Mounting plugin AlembicImporter
LogPluginManager: Mounting plugin AppleImageUtils
LogPluginManager: Mounting plugin AppleVision
LogPluginManager: Mounting plugin BackChannel
LogPluginManager: Mounting plugin CharacterAI
LogPluginManager: Mounting plugin GeometryCache
LogPluginManager: Mounting plugin HTML5Networking
LogPluginManager: Mounting plugin ProxyLODPlugin
LogPluginManager: Mounting plugin SkeletalReduction
LogPluginManager: Mounting plugin MagicLeap
LogPluginManager: Mounting plugin MagicLeapMedia
LogPluginManager: Mounting plugin AndroidMedia
LogPluginManager: Mounting plugin AvfMedia
LogPluginManager: Mounting plugin ImgMedia
LogPluginManager: Mounting plugin LinearTimecode
LogPluginManager: Mounting plugin MediaCompositing
LogPluginManager: Mounting plugin MediaPlayerEditor
LogPluginManager: Mounting plugin WebMMedia
LogPluginManager: Mounting plugin WmfMedia
LogPluginManager: Mounting plugin TcpMessaging
LogPluginManager: Mounting plugin UdpMessaging
LogPluginManager: Mounting plugin ActorSequence
LogPluginManager: Mounting plugin LevelSequenceEditor
LogPluginManager: Mounting plugin MatineeToLevelSequence
LogPluginManager: Mounting plugin NetcodeUnitTest
LogPluginManager: Mounting plugin NUTUnrealEngine4
LogPluginManager: Mounting plugin OnlineSubsystemGooglePlay
LogPluginManager: Mounting plugin OnlineSubsystemIOS
LogPluginManager: Mounting plugin OnlineSubsystem
LogPluginManager: Mounting plugin OnlineSubsystemNull
LogPluginManager: Mounting plugin OnlineSubsystemUtils
LogPluginManager: Mounting plugin LauncherChunkInstaller
LogPluginManager: Mounting plugin AndroidDeviceProfileSelector
LogPluginManager: Mounting plugin AndroidMoviePlayer
LogPluginManager: Mounting plugin AndroidPermission
LogPluginManager: Mounting plugin AppleMoviePlayer
LogPluginManager: Mounting plugin ArchVisCharacter
LogPluginManager: Mounting plugin AudioCapture
LogPluginManager: Mounting plugin CableComponent
LogPluginManager: Mounting plugin CustomMeshComponent
LogPluginManager: Mounting plugin EditableMesh
LogPluginManager: Mounting plugin ExampleDeviceProfileSelector
LogPluginManager: Mounting plugin Firebase
LogPluginManager: Mounting plugin GoogleCloudMessaging
LogPluginManager: Mounting plugin IOSDeviceProfileSelector
LogPluginManager: Mounting plugin LinuxDeviceProfileSelector
LogPluginManager: Mounting plugin LocationServicesBPLibrary
LogPluginManager: Mounting plugin MobilePatchingUtils
LogPluginManager: Mounting plugin OculusVR
LogPluginManager: Mounting plugin PhysXVehicles
LogPluginManager: Mounting plugin ProceduralMeshComponent
LogPluginManager: Mounting plugin RuntimePhysXCooking
LogPluginManager: Mounting plugin SignificanceManager
LogPluginManager: Mounting plugin SteamVR
LogPluginManager: Mounting plugin WebMMoviePlayer
LogPluginManager: Mounting plugin WindowsMoviePlayer
LogInit: Warning: Incompatible or missing module: MyProject2
Running C:/Program Files/Epic Games/UE_4.22/Engine/Binaries/DotNET/UnrealBuildTool.exe Development Win64 -Project="C:/Users/Nicholas/Documents/GitHub/agile2/MyProject2/MyProject2.uproject" -TargetType=Editor -Progress -NoHotReloadFromIDE
Using 'git status' to determine working set for adaptive non-unity build (C:\Users\Nicholas\Documents\GitHub\agile2).
Creating makefile for MyProject2Editor (.uproject file is newer)
@progress push 5%
Parsing headers for MyProject2Editor
  Running UnrealHeaderTool "C:\Users\Nicholas\Documents\GitHub\agile2\MyProject2\MyProject2.uproject" "C:\Users\Nicholas\Documents\GitHub\agile2\MyProject2\Intermediate\Build\Win64\MyProject2Editor\Development\MyProject2Editor.uhtmanifest" -LogCmds="loginit warning, logexit warning, logdatabase error" -Unattended -WarningsAsErrors -installed
Reflection code generated for MyProject2Editor in 41.1060627 seconds
@progress pop
Using Visual Studio 2019 14.27.29110 toolchain (C:\Program Files (x86)\Microsoft Visual Studio\2019\Community\VC\Tools\MSVC\14.27.29110) and Windows 10.0.18362.0 SDK (C:\Program Files (x86)\Windows Kits\10).
Building 9 actions with 4 processes...
  @progress 'Compiling C++ source code...' 0%
  @progress 'Compiling C++ source code...' 11%
  [1/9] Default.rc2
  @progress 'Compiling C++ source code...' 22%
  [2/9] SharedPCH.Engine.cpp
  @progress 'Compiling C++ source code...' 33%
  [3/9] MyProject2.cpp
  @progress 'Compiling C++ source code...' 44%
  [4/9] MyProject2.init.gen.cpp
  @progress 'Compiling C++ source code...' 56%
  [5/9] MyProject2GameModeBase.cpp
  @progress 'Compiling C++ source code...' 67%
  [6/9] MyProject2GameModeBase.gen.cpp
  @progress 'Compiling C++ source code...' 78%
  [7/9] UE4Editor-MyProject2.lib
     Creating library C:\Users\Nicholas\Documents\GitHub\agile2\MyProject2\Intermediate\Build\Win64\UE4Editor\Development\MyProject2\UE4Editor-MyProject2.lib and object C:\Users\Nicholas\Documents\GitHub\agile2\MyProject2\Intermediate\Build\Win64\UE4Editor\Development\MyProject2\UE4Editor-MyProject2.exp
  @progress 'Compiling C++ source code...' 89%
  [8/9] UE4Editor-MyProject2.dll
     Creating library C:\Users\Nicholas\Documents\GitHub\agile2\MyProject2\Intermediate\Build\Win64\UE4Editor\Development\MyProject2\UE4Editor-MyProject2.suppressed.lib and object C:\Users\Nicholas\Documents\GitHub\agile2\MyProject2\Intermediate\Build\Win64\UE4Editor\Development\MyProject2\UE4Editor-MyProject2.suppressed.exp
  @progress 'Compiling C++ source code...' 100%
  [9/9] MyProject2Editor.target
Total time in Parallel executor: 92.18 seconds
Total execution time: 219.80 seconds
LogInit: Using libcurl 7.55.1-DEV
LogInit:  - built for x86_64-pc-win32
LogInit:  - supports SSL with OpenSSL/1.1.1
LogInit:  - supports HTTP deflate (compression) using libz 1.2.8
LogInit:  - other features:
LogInit:      CURL_VERSION_SSL
LogInit:      CURL_VERSION_LIBZ
LogInit:      CURL_VERSION_IPV6
LogInit:      CURL_VERSION_ASYNCHDNS
LogInit:      CURL_VERSION_LARGEFILE
LogInit:      CURL_VERSION_IDN
LogInit:  CurlRequestOptions (configurable via config and command line):
LogInit:  - bVerifyPeer = true  - Libcurl will verify peer certificate
LogInit:  - bUseHttpProxy = false  - Libcurl will NOT use HTTP proxy
LogInit:  - bDontReuseConnections = false  - Libcurl will reuse connections
LogInit:  - MaxHostConnections = 16  - Libcurl will limit the number of connections to a host
LogInit:  - LocalHostAddr = Default
LogInit:  - BufferSize = 65536
LogInit: WinSock: version 1.1 (2.2), MaxSocks=32767, MaxUdp=65467
LogInit: Build: ++UE4+Release-4.22-CL-7053642
LogInit: Engine Version: 4.22.3-7053642+++UE4+Release-4.22
LogInit: Compatible Engine Version: 4.22.0-5660361+++UE4+Release-4.22
LogInit: Net CL: 5660361
LogInit: OS: Windows 10 (Release 2004) (), CPU: Intel(R) Core(TM) i5-4590T CPU @ 2.00GHz, GPU: Intel(R) HD Graphics 4600
LogInit: Compiled (64-bit): Jun 18 2019 03:09:11
LogInit: Compiled with Visual C++: 19.16.27025.01
LogInit: Build Configuration: Development
LogInit: Branch Name: ++UE4+Release-4.22
LogInit: Command Line: 
LogInit: Base Directory: C:/Program Files/Epic Games/UE_4.22/Engine/Binaries/Win64/
LogInit: Installed Engine Build: 1
LogDevObjectVersion: Number of dev versions registered: 23
LogDevObjectVersion:   Dev-Blueprints (B0D832E4-1F89-4F0D-ACCF-7EB736FD4AA2): 10
LogDevObjectVersion:   Dev-Build (E1C64328-A22C-4D53-A36C-8E866417BD8C): 0
LogDevObjectVersion:   Dev-Core (375EC13C-06E4-48FB-B500-84F0262A717E): 3
LogDevObjectVersion:   Dev-Editor (E4B068ED-F494-42E9-A231-DA0B2E46BB41): 30
LogDevObjectVersion:   Dev-Framework (CFFC743F-43B0-4480-9391-14DF171D2073): 35
LogDevObjectVersion:   Dev-Mobile (B02B49B5-BB20-44E9-A304-32B752E40360): 2
LogDevObjectVersion:   Dev-Networking (A4E4105C-59A1-49B5-A7C5-40C4547EDFEE): 0
LogDevObjectVersion:   Dev-Online (39C831C9-5AE6-47DC-9A44-9C173E1C8E7C): 0
LogDevObjectVersion:   Dev-Physics (78F01B33-EBEA-4F98-B9B4-84EACCB95AA2): 0
LogDevObjectVersion:   Dev-Platform (6631380F-2D4D-43E0-8009-CF276956A95A): 0
LogDevObjectVersion:   Dev-Rendering (12F88B9F-8875-4AFC-A67C-D90C383ABD29): 28
LogDevObjectVersion:   Dev-Sequencer (7B5AE74C-D270-4C10-A958-57980B212A5A): 11
LogDevObjectVersion:   Dev-VR (D7296918-1DD6-4BDD-9DE2-64A83CC13884): 2
LogDevObjectVersion:   Dev-LoadTimes (C2A15278-BFE7-4AFE-6C17-90FF531DF755): 1
LogDevObjectVersion:   Private-Geometry (6EACA3D4-40EC-4CC1-B786-8BED09428FC5): 3
LogDevObjectVersion:   Dev-AnimPhys (29E575DD-E0A3-4627-9D10-D276232CDCEA): 17
LogDevObjectVersion:   Dev-Anim (AF43A65D-7FD3-4947-9873-3E8ED9C1BB05): 2
LogDevObjectVersion:   Dev-ReflectionCapture (6B266CEC-1EC7-4B8F-A30B-E4D90942FC07): 1
LogDevObjectVersion:   Dev-Automation (0DF73D61-A23F-47EA-B727-89E90C41499A): 1
LogDevObjectVersion:   FortniteMain (601D1886-AC64-4F84-AA16-D3DE0DEAC7D6): 25
LogDevObjectVersion:   Dev-Enterprise (9DFFBCD6-494F-0158-E221-12823C92A888): 6
LogDevObjectVersion:   Dev-Niagara (F2AED0AC-9AFE-416F-8664-AA7FFA26D6FC): 1
LogDevObjectVersion:   Dev-Destruction (174F1F0B-B4C6-45A5-B13F-2EE8D0FB917D): 2
LogInit: Presizing for max 16777216 objects, including 0 objects not considered by GC, pre-allocating 0 bytes for permanent pool.
LogInit: Object subsystem initialized
LogConfig: Setting CVar [[con.DebugEarlyDefault:1]]
LogConfig: Setting CVar [[r.setres:1280x720]]
[2020.09.19-10.08.59:380][  0]LogConfig: Setting CVar [[r.VSync:0]]
[2020.09.19-10.08.59:380][  0]LogConfig: Setting CVar [[r.RHICmdBypass:0]]
[2020.09.19-10.08.59:381][  0]LogConfig: Applying CVar settings from Section [/Script/Engine.RendererSettings] File [C:/Users/Nicholas/Documents/GitHub/agile2/MyProject2/Saved/Config/Windows/Engine.ini]
[2020.09.19-10.08.59:381][  0]LogConfig: Setting CVar [[r.GPUCrashDebugging:0]]
[2020.09.19-10.08.59:381][  0]LogConfig: Setting CVar [[r.DefaultFeature.AutoExposure.ExtendDefaultLuminanceRange:1]]
[2020.09.19-10.08.59:381][  0]LogConfig: Applying CVar settings from Section [/Script/Engine.RendererOverrideSettings] File [C:/Users/Nicholas/Documents/GitHub/agile2/MyProject2/Saved/Config/Windows/Engine.ini]
[2020.09.19-10.08.59:381][  0]LogConfig: Applying CVar settings from Section [/Script/Engine.StreamingSettings] File [C:/Users/Nicholas/Documents/GitHub/agile2/MyProject2/Saved/Config/Windows/Engine.ini]
[2020.09.19-10.08.59:382][  0]LogConfig: Setting CVar [[s.MinBulkDataSizeForAsyncLoading:131072]]
[2020.09.19-10.08.59:382][  0]LogConfig: Setting CVar [[s.AsyncLoadingThreadEnabled:0]]
[2020.09.19-10.08.59:382][  0]LogConfig: Setting CVar [[s.EventDrivenLoaderEnabled:1]]
[2020.09.19-10.08.59:382][  0]LogConfig: Setting CVar [[s.WarnIfTimeLimitExceeded:0]]
[2020.09.19-10.08.59:382][  0]LogConfig: Setting CVar [[s.TimeLimitExceededMultiplier:1.5]]
[2020.09.19-10.08.59:382][  0]LogConfig: Setting CVar [[s.TimeLimitExceededMinTime:0.005]]
[2020.09.19-10.08.59:382][  0]LogConfig: Setting CVar [[s.UseBackgroundLevelStreaming:1]]
[2020.09.19-10.08.59:382][  0]LogConfig: Setting CVar [[s.PriorityAsyncLoadingExtraTime:15.0]]
[2020.09.19-10.08.59:382][  0]LogConfig: Setting CVar [[s.LevelStreamingActorsUpdateTimeLimit:5.0]]
[2020.09.19-10.08.59:382][  0]LogConfig: Setting CVar [[s.PriorityLevelStreamingActorsUpdateExtraTime:5.0]]
[2020.09.19-10.08.59:382][  0]LogConfig: Setting CVar [[s.LevelStreamingComponentsRegistrationGranularity:10]]
[2020.09.19-10.08.59:382][  0]LogConfig: Setting CVar [[s.UnregisterComponentsTimeLimit:1.0]]
[2020.09.19-10.08.59:382][  0]LogConfig: Setting CVar [[s.LevelStreamingComponentsUnregistrationGranularity:5]]
[2020.09.19-10.08.59:382][  0]LogConfig: Applying CVar settings from Section [/Script/Engine.GarbageCollectionSettings] File [C:/Users/Nicholas/Documents/GitHub/agile2/MyProject2/Saved/Config/Windows/Engine.ini]
[2020.09.19-10.08.59:382][  0]LogConfig: Setting CVar [[gc.MaxObjectsNotConsideredByGC:1]]
[2020.09.19-10.08.59:382][  0]LogConfig: Setting CVar [[gc.SizeOfPermanentObjectPool:0]]
[2020.09.19-10.08.59:382][  0]LogConfig: Setting CVar [[gc.FlushStreamingOnGC:0]]
[2020.09.19-10.08.59:382][  0]LogConfig: Setting CVar [[gc.NumRetriesBeforeForcingGC:10]]
[2020.09.19-10.08.59:382][  0]LogConfig: Setting CVar [[gc.AllowParallelGC:1]]
[2020.09.19-10.08.59:382][  0]LogConfig: Setting CVar [[gc.TimeBetweenPurgingPendingKillObjects:61.1]]
[2020.09.19-10.08.59:382][  0]LogConfig: Setting CVar [[gc.MaxObjectsInEditor:16777216]]
[2020.09.19-10.08.59:382][  0]LogConfig: Setting CVar [[gc.IncrementalBeginDestroyEnabled:1]]
[2020.09.19-10.08.59:382][  0]LogConfig: Setting CVar [[gc.CreateGCClusters:1]]
[2020.09.19-10.08.59:382][  0]LogConfig: Setting CVar [[gc.MinGCClusterSize:5]]
[2020.09.19-10.08.59:382][  0]LogConfig: Setting CVar [[gc.ActorClusteringEnabled:0]]
[2020.09.19-10.08.59:382][  0]LogConfig: Setting CVar [[gc.BlueprintClusteringEnabled:0]]
[2020.09.19-10.08.59:382][  0]LogConfig: Setting CVar [[gc.UseDisregardForGCOnDedicatedServers:0]]
[2020.09.19-10.08.59:382][  0]LogConfig: Applying CVar settings from Section [/Script/Engine.NetworkSettings] File [C:/Users/Nicholas/Documents/GitHub/agile2/MyProject2/Saved/Config/Windows/Engine.ini]
[2020.09.19-10.08.59:382][  0]LogConfig: Applying CVar settings from Section [/Script/UnrealEd.CookerSettings] File [C:/Users/Nicholas/Documents/GitHub/agile2/MyProject2/Saved/Config/Windows/Engine.ini]
[2020.09.19-10.08.59:505][  0]LogConfig: Applying CVar settings from Section [ViewDistanceQuality@3] File [C:/Users/Nicholas/Documents/GitHub/agile2/MyProject2/Saved/Config/Windows/Scalability.ini]
[2020.09.19-10.08.59:505][  0]LogConfig: Setting CVar [[r.SkeletalMeshLODBias:0]]
[2020.09.19-10.08.59:505][  0]LogConfig: Setting CVar [[r.ViewDistanceScale:1.0]]
[2020.09.19-10.08.59:505][  0]LogConfig: Applying CVar settings from Section [AntiAliasingQuality@3] File [C:/Users/Nicholas/Documents/GitHub/agile2/MyProject2/Saved/Config/Windows/Scalability.ini]
[2020.09.19-10.08.59:505][  0]LogConfig: Setting CVar [[r.PostProcessAAQuality:4]]
[2020.09.19-10.08.59:505][  0]LogConfig: Applying CVar settings from Section [ShadowQuality@3] File [C:/Users/Nicholas/Documents/GitHub/agile2/MyProject2/Saved/Config/Windows/Scalability.ini]
[2020.09.19-10.08.59:505][  0]LogConfig: Setting CVar [[r.LightFunctionQuality:1]]
[2020.09.19-10.08.59:505][  0]LogConfig: Setting CVar [[r.ShadowQuality:5]]
[2020.09.19-10.08.59:505][  0]LogConfig: Setting CVar [[r.Shadow.CSM.MaxCascades:10]]
[2020.09.19-10.08.59:506][  0]LogConfig: Setting CVar [[r.Shadow.MaxResolution:2048]]
[2020.09.19-10.08.59:506][  0]LogConfig: Setting CVar [[r.Shadow.MaxCSMResolution:2048]]
[2020.09.19-10.08.59:506][  0]LogConfig: Setting CVar [[r.Shadow.RadiusThreshold:0.01]]
[2020.09.19-10.08.59:506][  0]LogConfig: Setting CVar [[r.Shadow.DistanceScale:1.0]]
[2020.09.19-10.08.59:506][  0]LogConfig: Setting CVar [[r.Shadow.CSM.TransitionScale:1.0]]
[2020.09.19-10.08.59:506][  0]LogConfig: Setting CVar [[r.Shadow.PreShadowResolutionFactor:1.0]]
[2020.09.19-10.08.59:506][  0]LogConfig: Setting CVar [[r.DistanceFieldShadowing:1]]
[2020.09.19-10.08.59:506][  0]LogConfig: Setting CVar [[r.DistanceFieldAO:1]]
[2020.09.19-10.08.59:506][  0]LogConfig: Setting CVar [[r.AOQuality:2]]
[2020.09.19-10.08.59:506][  0]LogConfig: Setting CVar [[r.VolumetricFog:1]]
[2020.09.19-10.08.59:506][  0]LogConfig: Setting CVar [[r.VolumetricFog.GridPixelSize:8]]
[2020.09.19-10.08.59:506][  0]LogConfig: Setting CVar [[r.VolumetricFog.GridSizeZ:128]]
[2020.09.19-10.08.59:506][  0]LogConfig: Setting CVar [[r.VolumetricFog.HistoryMissSupersampleCount:4]]
[2020.09.19-10.08.59:506][  0]LogConfig: Setting CVar [[r.LightMaxDrawDistanceScale:1]]
[2020.09.19-10.08.59:506][  0]LogConfig: Setting CVar [[r.CapsuleShadows:1]]
[2020.09.19-10.08.59:506][  0]LogConfig: Applying CVar settings from Section [PostProcessQuality@3] File [C:/Users/Nicholas/Documents/GitHub/agile2/MyProject2/Saved/Config/Windows/Scalability.ini]
[2020.09.19-10.08.59:506][  0]LogConfig: Setting CVar [[r.MotionBlurQuality:4]]
[2020.09.19-10.08.59:506][  0]LogConfig: Setting CVar [[r.AmbientOcclusionMipLevelFactor:0.4]]
[2020.09.19-10.08.59:507][  0]LogConfig: Setting CVar [[r.AmbientOcclusionMaxQuality:100]]
[2020.09.19-10.08.59:507][  0]LogConfig: Setting CVar [[r.AmbientOcclusionLevels:-1]]
[2020.09.19-10.08.59:507][  0]LogConfig: Setting CVar [[r.AmbientOcclusionRadiusScale:1.0]]
[2020.09.19-10.08.59:507][  0]LogConfig: Setting CVar [[r.DepthOfFieldQuality:2]]
[2020.09.19-10.08.59:507][  0]LogConfig: Setting CVar [[r.RenderTargetPoolMin:400]]
[2020.09.19-10.08.59:507][  0]LogConfig: Setting CVar [[r.LensFlareQuality:2]]
[2020.09.19-10.08.59:507][  0]LogConfig: Setting CVar [[r.SceneColorFringeQuality:1]]
[2020.09.19-10.08.59:507][  0]LogConfig: Setting CVar [[r.EyeAdaptationQuality:2]]
[2020.09.19-10.08.59:507][  0]LogConfig: Setting CVar [[r.BloomQuality:5]]
[2020.09.19-10.08.59:507][  0]LogConfig: Setting CVar [[r.FastBlurThreshold:100]]
[2020.09.19-10.08.59:507][  0]LogConfig: Setting CVar [[r.Upscale.Quality:3]]
[2020.09.19-10.08.59:507][  0]LogConfig: Setting CVar [[r.Tonemapper.GrainQuantization:1]]
[2020.09.19-10.08.59:507][  0]LogConfig: Setting CVar [[r.LightShaftQuality:1]]
[2020.09.19-10.08.59:507][  0]LogConfig: Setting CVar [[r.Filter.SizeScale:1]]
[2020.09.19-10.08.59:507][  0]LogConfig: Setting CVar [[r.Tonemapper.Quality:5]]
[2020.09.19-10.08.59:507][  0]LogConfig: Setting CVar [[r.DOF.Gather.AccumulatorQuality:1        ; higher gathering accumulator quality]]
[2020.09.19-10.08.59:507][  0]LogConfig: Setting CVar [[r.DOF.Gather.PostfilterMethod:1          ; Median3x3 postfilering method]]
[2020.09.19-10.08.59:507][  0]LogConfig: Setting CVar [[r.DOF.Gather.EnableBokehSettings:0       ; no bokeh simulation when gathering]]
[2020.09.19-10.08.59:507][  0]LogConfig: Setting CVar [[r.DOF.Gather.RingCount:4                 ; medium number of samples when gathering]]
[2020.09.19-10.08.59:508][  0]LogConfig: Setting CVar [[r.DOF.Scatter.ForegroundCompositing:1    ; additive foreground scattering]]
[2020.09.19-10.08.59:508][  0]LogConfig: Setting CVar [[r.DOF.Scatter.BackgroundCompositing:2    ; additive background scattering]]
[2020.09.19-10.08.59:508][  0]LogConfig: Setting CVar [[r.DOF.Scatter.EnableBokehSettings:1      ; bokeh simulation when scattering]]
[2020.09.19-10.08.59:508][  0]LogConfig: Setting CVar [[r.DOF.Scatter.MaxSpriteRatio:0.1         ; only a maximum of 10% of scattered bokeh]]
[2020.09.19-10.08.59:508][  0]LogConfig: Setting CVar [[r.DOF.Recombine.Quality:1                ; cheap slight out of focus]]
[2020.09.19-10.08.59:508][  0]LogConfig: Setting CVar [[r.DOF.Recombine.EnableBokehSettings:0    ; no bokeh simulation on slight out of focus]]
[2020.09.19-10.08.59:508][  0]LogConfig: Setting CVar [[r.DOF.TemporalAAQuality:1                ; more stable temporal accumulation]]
[2020.09.19-10.08.59:508][  0]LogConfig: Setting CVar [[r.DOF.Kernel.MaxForegroundRadius:0.025]]
[2020.09.19-10.08.59:508][  0]LogConfig: Setting CVar [[r.DOF.Kernel.MaxBackgroundRadius:0.025]]
[2020.09.19-10.08.59:508][  0]LogConfig: Applying CVar settings from Section [TextureQuality@3] File [C:/Users/Nicholas/Documents/GitHub/agile2/MyProject2/Saved/Config/Windows/Scalability.ini]
[2020.09.19-10.08.59:508][  0]LogConfig: Setting CVar [[r.Streaming.MipBias:0]]
[2020.09.19-10.08.59:508][  0]LogConfig: Setting CVar [[r.Streaming.AmortizeCPUToGPUCopy:0]]
[2020.09.19-10.08.59:508][  0]LogConfig: Setting CVar [[r.Streaming.MaxNumTexturesToStreamPerFrame:0]]
[2020.09.19-10.08.59:508][  0]LogConfig: Setting CVar [[r.Streaming.Boost:1]]
[2020.09.19-10.08.59:508][  0]LogConfig: Setting CVar [[r.MaxAnisotropy:8]]
[2020.09.19-10.08.59:508][  0]LogConfig: Setting CVar [[r.Streaming.LimitPoolSizeToVRAM:0]]
[2020.09.19-10.08.59:508][  0]LogConfig: Setting CVar [[r.Streaming.PoolSize:1000]]
[2020.09.19-10.08.59:508][  0]LogConfig: Setting CVar [[r.Streaming.MaxEffectiveScreenSize:0]]
[2020.09.19-10.08.59:508][  0]LogConfig: Applying CVar settings from Section [EffectsQuality@3] File [C:/Users/Nicholas/Documents/GitHub/agile2/MyProject2/Saved/Config/Windows/Scalability.ini]
[2020.09.19-10.08.59:509][  0]LogConfig: Setting CVar [[r.TranslucencyLightingVolumeDim:64]]
[2020.09.19-10.08.59:509][  0]LogConfig: Setting CVar [[r.RefractionQuality:2]]
[2020.09.19-10.08.59:509][  0]LogConfig: Setting CVar [[r.SSR.Quality:3]]
[2020.09.19-10.08.59:509][  0]LogConfig: Setting CVar [[r.SceneColorFormat:4]]
[2020.09.19-10.08.59:509][  0]LogConfig: Setting CVar [[r.DetailMode:2]]
[2020.09.19-10.08.59:509][  0]LogConfig: Setting CVar [[r.TranslucencyVolumeBlur:1]]
[2020.09.19-10.08.59:509][  0]LogConfig: Setting CVar [[r.MaterialQualityLevel:1 ; High quality]]
[2020.09.19-10.08.59:509][  0]LogConfig: Setting CVar [[r.SSS.Scale:1]]
[2020.09.19-10.08.59:509][  0]LogConfig: Setting CVar [[r.SSS.SampleSet:2]]
[2020.09.19-10.08.59:509][  0]LogConfig: Setting CVar [[r.SSS.Quality:1]]
[2020.09.19-10.08.59:509][  0]LogConfig: Setting CVar [[r.SSS.HalfRes:1]]
[2020.09.19-10.08.59:509][  0]LogConfig: Setting CVar [[r.EmitterSpawnRateScale:1.0]]
[2020.09.19-10.08.59:509][  0]LogConfig: Setting CVar [[r.ParticleLightQuality:2]]
[2020.09.19-10.08.59:509][  0]LogConfig: Applying CVar settings from Section [FoliageQuality@3] File [C:/Users/Nicholas/Documents/GitHub/agile2/MyProject2/Saved/Config/Windows/Scalability.ini]
[2020.09.19-10.08.59:509][  0]LogConfig: Setting CVar [[foliage.DensityScale:1.0]]
[2020.09.19-10.08.59:509][  0]LogConfig: Setting CVar [[grass.DensityScale:1.0]]
[2020.09.19-10.08.59:517][  0]LogInit: Selected Device Profile: [Windows]
[2020.09.19-10.08.59:517][  0]LogInit: Applying CVar settings loaded from the selected device profile: [Windows]
[2020.09.19-10.08.59:753][  0]LogHAL: Display: Platform has ~ 8 GB [8512073728 / 8589934592 / 8], which maps to Default [LargestMinGB=32, LargerMinGB=12, DefaultMinGB=8, SmallerMinGB=6, SmallestMinGB=0)
[2020.09.19-10.08.59:763][  0]LogConfig: Setting CVar [[r.Vulkan.UseRealUBs:0		; Required until we fix HLR fall-out]]
[2020.09.19-10.08.59:763][  0]LogInit: Going up to parent DeviceProfile []
[2020.09.19-10.08.59:764][  0]LogConfig: Applying CVar settings from Section [ViewDistanceQuality@0] File [C:/Users/Nicholas/Documents/GitHub/agile2/MyProject2/Saved/Config/Windows/Scalability.ini]
[2020.09.19-10.08.59:764][  0]LogConfig: Setting CVar [[r.SkeletalMeshLODBias:2]]
[2020.09.19-10.08.59:765][  0]LogConfig: Setting CVar [[r.ViewDistanceScale:0.4]]
[2020.09.19-10.08.59:765][  0]LogConfig: Applying CVar settings from Section [AntiAliasingQuality@0] File [C:/Users/Nicholas/Documents/GitHub/agile2/MyProject2/Saved/Config/Windows/Scalability.ini]
[2020.09.19-10.08.59:765][  0]LogConfig: Setting CVar [[r.PostProcessAAQuality:0]]
[2020.09.19-10.08.59:765][  0]LogConfig: Applying CVar settings from Section [ShadowQuality@0] File [C:/Users/Nicholas/Documents/GitHub/agile2/MyProject2/Saved/Config/Windows/Scalability.ini]
[2020.09.19-10.08.59:765][  0]LogConfig: Setting CVar [[r.LightFunctionQuality:0]]
[2020.09.19-10.08.59:765][  0]LogConfig: Setting CVar [[r.ShadowQuality:0]]
[2020.09.19-10.08.59:765][  0]LogConfig: Setting CVar [[r.Shadow.CSM.MaxCascades:1]]
[2020.09.19-10.08.59:765][  0]LogConfig: Setting CVar [[r.Shadow.MaxResolution:512]]
[2020.09.19-10.08.59:765][  0]LogConfig: Setting CVar [[r.Shadow.MaxCSMResolution:512]]
[2020.09.19-10.08.59:765][  0]LogConfig: Setting CVar [[r.Shadow.RadiusThreshold:0.06]]
[2020.09.19-10.08.59:765][  0]LogConfig: Setting CVar [[r.Shadow.DistanceScale:0.6]]
[2020.09.19-10.08.59:765][  0]LogConfig: Setting CVar [[r.Shadow.CSM.TransitionScale:0]]
[2020.09.19-10.08.59:765][  0]LogConfig: Setting CVar [[r.Shadow.PreShadowResolutionFactor:0.5]]
[2020.09.19-10.08.59:765][  0]LogConfig: Setting CVar [[r.DistanceFieldShadowing:0]]
[2020.09.19-10.08.59:765][  0]LogConfig: Setting CVar [[r.DistanceFieldAO:0]]
[2020.09.19-10.08.59:765][  0]LogConfig: Setting CVar [[r.VolumetricFog:0]]
[2020.09.19-10.08.59:765][  0]LogConfig: Setting CVar [[r.LightMaxDrawDistanceScale:0]]
[2020.09.19-10.08.59:765][  0]LogConfig: Setting CVar [[r.CapsuleShadows:0]]
[2020.09.19-10.08.59:765][  0]LogConfig: Applying CVar settings from Section [PostProcessQuality@0] File [C:/Users/Nicholas/Documents/GitHub/agile2/MyProject2/Saved/Config/Windows/Scalability.ini]
[2020.09.19-10.08.59:765][  0]LogConfig: Setting CVar [[r.MotionBlurQuality:0]]
[2020.09.19-10.08.59:765][  0]LogConfig: Setting CVar [[r.AmbientOcclusionMipLevelFactor:1.0]]
[2020.09.19-10.08.59:765][  0]LogConfig: Setting CVar [[r.AmbientOcclusionMaxQuality:0]]
[2020.09.19-10.08.59:765][  0]LogConfig: Setting CVar [[r.AmbientOcclusionLevels:0]]
[2020.09.19-10.08.59:765][  0]LogConfig: Setting CVar [[r.AmbientOcclusionRadiusScale:1.2]]
[2020.09.19-10.08.59:765][  0]LogConfig: Setting CVar [[r.DepthOfFieldQuality:0]]
[2020.09.19-10.08.59:765][  0]LogConfig: Setting CVar [[r.RenderTargetPoolMin:300]]
[2020.09.19-10.08.59:765][  0]LogConfig: Setting CVar [[r.LensFlareQuality:0]]
[2020.09.19-10.08.59:765][  0]LogConfig: Setting CVar [[r.SceneColorFringeQuality:0]]
[2020.09.19-10.08.59:765][  0]LogConfig: Setting CVar [[r.EyeAdaptationQuality:0]]
[2020.09.19-10.08.59:765][  0]LogConfig: Setting CVar [[r.BloomQuality:4]]
[2020.09.19-10.08.59:765][  0]LogConfig: Setting CVar [[r.FastBlurThreshold:0]]
[2020.09.19-10.08.59:765][  0]LogConfig: Setting CVar [[r.Upscale.Quality:1]]
[2020.09.19-10.08.59:765][  0]LogConfig: Setting CVar [[r.Tonemapper.GrainQuantization:0]]
[2020.09.19-10.08.59:765][  0]LogConfig: Setting CVar [[r.LightShaftQuality:0]]
[2020.09.19-10.08.59:765][  0]LogConfig: Setting CVar [[r.Filter.SizeScale:0.6]]
[2020.09.19-10.08.59:765][  0]LogConfig: Setting CVar [[r.Tonemapper.Quality:0]]
[2020.09.19-10.08.59:765][  0]LogConfig: Applying CVar settings from Section [TextureQuality@0] File [C:/Users/Nicholas/Documents/GitHub/agile2/MyProject2/Saved/Config/Windows/Scalability.ini]
[2020.09.19-10.08.59:765][  0]LogConfig: Setting CVar [[r.Streaming.MipBias:16]]
[2020.09.19-10.08.59:765][  0]LogConfig: Setting CVar [[r.Streaming.AmortizeCPUToGPUCopy:1]]
[2020.09.19-10.08.59:765][  0]LogConfig: Setting CVar [[r.Streaming.MaxNumTexturesToStreamPerFrame:1]]
[2020.09.19-10.08.59:765][  0]LogConfig: Setting CVar [[r.Streaming.Boost:0.3]]
[2020.09.19-10.08.59:765][  0]LogConfig: Setting CVar [[r.MaxAnisotropy:0]]
[2020.09.19-10.08.59:766][  0]LogConfig: Setting CVar [[r.Streaming.LimitPoolSizeToVRAM:1]]
[2020.09.19-10.08.59:766][  0]LogConfig: Setting CVar [[r.Streaming.PoolSize:400]]
[2020.09.19-10.08.59:766][  0]LogConfig: Setting CVar [[r.Streaming.MaxEffectiveScreenSize:0]]
[2020.09.19-10.08.59:766][  0]LogConfig: Applying CVar settings from Section [EffectsQuality@0] File [C:/Users/Nicholas/Documents/GitHub/agile2/MyProject2/Saved/Config/Windows/Scalability.ini]
[2020.09.19-10.08.59:766][  0]LogConfig: Setting CVar [[r.TranslucencyLightingVolumeDim:24]]
[2020.09.19-10.08.59:766][  0]LogConfig: Setting CVar [[r.RefractionQuality:0]]
[2020.09.19-10.08.59:766][  0]LogConfig: Setting CVar [[r.SSR.Quality:0]]
[2020.09.19-10.08.59:766][  0]LogConfig: Setting CVar [[r.SceneColorFormat:3]]
[2020.09.19-10.08.59:766][  0]LogConfig: Setting CVar [[r.DetailMode:0]]
[2020.09.19-10.08.59:766][  0]LogConfig: Setting CVar [[r.TranslucencyVolumeBlur:0]]
[2020.09.19-10.08.59:766][  0]LogConfig: Setting CVar [[r.MaterialQualityLevel:0 ; Low quality]]
[2020.09.19-10.08.59:766][  0]LogConfig: Setting CVar [[r.SSS.Scale:0]]
[2020.09.19-10.08.59:766][  0]LogConfig: Setting CVar [[r.SSS.SampleSet:0]]
[2020.09.19-10.08.59:766][  0]LogConfig: Setting CVar [[r.SSS.Quality:0]]
[2020.09.19-10.08.59:766][  0]LogConfig: Setting CVar [[r.SSS.HalfRes:1]]
[2020.09.19-10.08.59:766][  0]LogConfig: Setting CVar [[r.EmitterSpawnRateScale:0.125]]
[2020.09.19-10.08.59:766][  0]LogConfig: Setting CVar [[r.ParticleLightQuality:0]]
[2020.09.19-10.08.59:766][  0]LogConfig: Applying CVar settings from Section [FoliageQuality@0] File [C:/Users/Nicholas/Documents/GitHub/agile2/MyProject2/Saved/Config/Windows/Scalability.ini]
[2020.09.19-10.08.59:766][  0]LogConfig: Setting CVar [[foliage.DensityScale:0]]
[2020.09.19-10.08.59:766][  0]LogConfig: Setting CVar [[grass.DensityScale:0]]
[2020.09.19-10.08.59:766][  0]LogConfig: Applying CVar settings from Section [Startup] File [../../../Engine/Config/ConsoleVariables.ini]
[2020.09.19-10.08.59:777][  0]LogConfig: Setting CVar [[net.UseAdaptiveNetUpdateFrequency:0]]
[2020.09.19-10.08.59:777][  0]LogConfig: Setting CVar [[p.chaos.AllowCreatePhysxBodies:1]]
[2020.09.19-10.08.59:777][  0]LogConfig: Applying CVar settings from Section [ConsoleVariables] File [C:/Users/Nicholas/Documents/GitHub/agile2/MyProject2/Saved/Config/Windows/Engine.ini]
[2020.09.19-10.08.59:853][  0]LogInit: Computer: NICHOLASPC
[2020.09.19-10.08.59:853][  0]LogInit: User: Nicholas
[2020.09.19-10.08.59:853][  0]LogInit: CPU Page size=4096, Cores=4
[2020.09.19-10.08.59:853][  0]LogInit: High frequency timer resolution =10.000000 MHz
[2020.09.19-10.08.59:878][  0]LogMemory: Memory total: Physical=7.9GB (8GB approx)
[2020.09.19-10.08.59:878][  0]LogMemory: Platform Memory Stats for Windows
[2020.09.19-10.08.59:878][  0]LogMemory: Process Physical Memory: 101.54 MB used, 101.55 MB peak
[2020.09.19-10.08.59:878][  0]LogMemory: Process Virtual Memory: 84.52 MB used, 84.52 MB peak
[2020.09.19-10.08.59:878][  0]LogMemory: Physical Memory: 5930.30 MB used,  2187.44 MB free, 8117.75 MB total
[2020.09.19-10.08.59:878][  0]LogMemory: Virtual Memory: 4672.40 MB used,  134213056.00 MB free, 134217728.00 MB total
[2020.09.19-10.09.01:867][  0]LogDirectoryWatcher: Warning: Failed to begin reading directory changes for ../../../../../../Users/Nicholas/Documents/GitHub/agile2/MyProject2/Content/. Error: The system cannot find the file specified. (0x00000002)
[2020.09.19-10.09.01:868][  0]LogInit: Using OS detected language (en-US).
[2020.09.19-10.09.01:868][  0]LogInit: Using OS detected locale (en-US).
[2020.09.19-10.09.01:965][  0]LogTextLocalizationManager: No specific localization for 'en-US' exists, so the 'en' localization will be used.
[2020.09.19-10.09.03:403][  0]LogInit: Setting process to per monitor DPI aware
[2020.09.19-10.09.05:226][  0]LogSlate: New Slate User Created.  User Index 0, Is Virtual User: 0
[2020.09.19-10.09.05:226][  0]LogSlate: Slate User Registered.  User Index 0, Is Virtual User: 0
[2020.09.19-10.09.14:733][  0]LogHMD: Failed to initialize OpenVR with code 110
[2020.09.19-10.09.14:733][  0]LogD3D11RHI: D3D11 adapters:
[2020.09.19-10.09.15:115][  0]LogD3D11RHI:    0. 'Intel(R) HD Graphics 4600' (Feature Level 11_0)
[2020.09.19-10.09.15:115][  0]LogD3D11RHI:       112/0/2048 MB DedicatedVideo/DedicatedSystem/SharedSystem, Outputs:1, VendorId:0x8086
[2020.09.19-10.09.15:141][  0]LogD3D11RHI:    1. 'Microsoft Basic Render Driver' (Feature Level 11_0)
[2020.09.19-10.09.15:141][  0]LogD3D11RHI:       0/0/4058 MB DedicatedVideo/DedicatedSystem/SharedSystem, Outputs:0, VendorId:0x1414
[2020.09.19-10.09.15:141][  0]LogD3D11RHI: Chosen D3D11 Adapter: 0
[2020.09.19-10.09.15:169][  0]LogD3D11RHI: Creating new Direct3DDevice
[2020.09.19-10.09.15:169][  0]LogD3D11RHI:     GPU DeviceId: 0x412 (for the marketing name, search the web for "GPU Device Id")
[2020.09.19-10.09.15:185][  0]LogWindows: EnumDisplayDevices:
[2020.09.19-10.09.15:185][  0]LogWindows:    0. 'Intel(R) HD Graphics 4600' (P:1 D:1)
[2020.09.19-10.09.15:187][  0]LogWindows:    1. 'Intel(R) HD Graphics 4600' (P:0 D:0)
[2020.09.19-10.09.15:187][  0]LogWindows: DebugString: FoundDriverCount:2 
[2020.09.19-10.09.15:187][  0]LogD3D11RHI:     Adapter Name: Intel(R) HD Graphics 4600
[2020.09.19-10.09.15:187][  0]LogD3D11RHI:   Driver Version: 20.19.15.5058 (internal:20.19.15.5058, unified:20.19.15.5058)
[2020.09.19-10.09.15:187][  0]LogD3D11RHI:      Driver Date: 8-16-2018
[2020.09.19-10.09.15:188][  0]LogRHI: Texture pool is 795 MB (70% of 1136 MB)
[2020.09.19-10.09.15:217][  0]LogD3D11RHI: Async texture creation enabled
[2020.09.19-10.09.15:542][  0]LogRendererCore: FGlobalReadBuffer::InitRHI
[2020.09.19-10.09.15:580][  0]LogRendererCore: FGlobalReadBuffer::InitRHI
[2020.09.19-10.09.15:580][  0]LogRendererCore: FGlobalReadBuffer::InitRHI
[2020.09.19-10.09.15:641][  0]LogD3D11RHI: GPU Timing Frequency: 12.500000 (Debug: 2 0)
[2020.09.19-10.09.16:876][  0]LogTemp: Display: Module 'AllDesktopTargetPlatform' loaded TargetPlatform 'AllDesktop'
[2020.09.19-10.09.16:909][  0]LogTemp: Display: Module 'MacClientTargetPlatform' loaded TargetPlatform 'MacClient'
[2020.09.19-10.09.16:939][  0]LogTemp: Display: Module 'MacNoEditorTargetPlatform' loaded TargetPlatform 'MacNoEditor'
[2020.09.19-10.09.16:969][  0]LogTemp: Display: Module 'MacServerTargetPlatform' loaded TargetPlatform 'MacServer'
[2020.09.19-10.09.17:049][  0]LogTemp: Display: Module 'MacTargetPlatform' loaded TargetPlatform 'Mac'
[2020.09.19-10.09.17:111][  0]LogTemp: Display: Module 'WindowsClientTargetPlatform' loaded TargetPlatform 'WindowsClient'
[2020.09.19-10.09.17:151][  0]LogTemp: Display: Module 'WindowsNoEditorTargetPlatform' loaded TargetPlatform 'WindowsNoEditor'
[2020.09.19-10.09.17:204][  0]LogTemp: Display: Module 'WindowsServerTargetPlatform' loaded TargetPlatform 'WindowsServer'
[2020.09.19-10.09.17:268][  0]LogTemp: Display: Module 'WindowsTargetPlatform' loaded TargetPlatform 'Windows'
[2020.09.19-10.09.17:574][  0]LogTemp: Display: Module 'AndroidTargetPlatform' loaded TargetPlatform 'Android'
[2020.09.19-10.09.17:574][  0]LogTemp: Display: Module 'AndroidTargetPlatform' loaded TargetPlatform 'Android_ASTC'
[2020.09.19-10.09.17:574][  0]LogTemp: Display: Module 'AndroidTargetPlatform' loaded TargetPlatform 'Android_ATC'
[2020.09.19-10.09.17:574][  0]LogTemp: Display: Module 'AndroidTargetPlatform' loaded TargetPlatform 'Android_DXT'
[2020.09.19-10.09.17:574][  0]LogTemp: Display: Module 'AndroidTargetPlatform' loaded TargetPlatform 'Android_ETC1'
[2020.09.19-10.09.17:574][  0]LogTemp: Display: Module 'AndroidTargetPlatform' loaded TargetPlatform 'Android_ETC1a'
[2020.09.19-10.09.17:574][  0]LogTemp: Display: Module 'AndroidTargetPlatform' loaded TargetPlatform 'Android_ETC2'
[2020.09.19-10.09.17:574][  0]LogTemp: Display: Module 'AndroidTargetPlatform' loaded TargetPlatform 'Android_PVRTC'
[2020.09.19-10.09.17:574][  0]LogTemp: Display: Module 'AndroidTargetPlatform' loaded TargetPlatform 'AndroidClient'
[2020.09.19-10.09.17:574][  0]LogTemp: Display: Module 'AndroidTargetPlatform' loaded TargetPlatform 'Android_ASTCClient'
[2020.09.19-10.09.17:574][  0]LogTemp: Display: Module 'AndroidTargetPlatform' loaded TargetPlatform 'Android_ATCClient'
[2020.09.19-10.09.17:574][  0]LogTemp: Display: Module 'AndroidTargetPlatform' loaded TargetPlatform 'Android_DXTClient'
[2020.09.19-10.09.17:574][  0]LogTemp: Display: Module 'AndroidTargetPlatform' loaded TargetPlatform 'Android_ETC1Client'
[2020.09.19-10.09.17:574][  0]LogTemp: Display: Module 'AndroidTargetPlatform' loaded TargetPlatform 'Android_ETC1aClient'
[2020.09.19-10.09.17:574][  0]LogTemp: Display: Module 'AndroidTargetPlatform' loaded TargetPlatform 'Android_ETC2Client'
[2020.09.19-10.09.17:574][  0]LogTemp: Display: Module 'AndroidTargetPlatform' loaded TargetPlatform 'Android_PVRTCClient'
[2020.09.19-10.09.17:574][  0]LogTemp: Display: Module 'AndroidTargetPlatform' loaded TargetPlatform 'Android_Multi'
[2020.09.19-10.09.17:574][  0]LogTemp: Display: Module 'AndroidTargetPlatform' loaded TargetPlatform 'Android_MultiClient'
[2020.09.19-10.09.17:615][  0]LogTemp: Display: Module 'HTML5TargetPlatform' loaded TargetPlatform 'HTML5'
[2020.09.19-10.09.17:778][  0]LogTemp: Display: Module 'IOSTargetPlatform' loaded TargetPlatform 'IOSClient'
[2020.09.19-10.09.17:779][  0]LogTemp: Display: Module 'IOSTargetPlatform' loaded TargetPlatform 'IOS'
[2020.09.19-10.09.17:819][  0]LogTemp: Display: Module 'TVOSTargetPlatform' loaded TargetPlatform 'TVOSClient'
[2020.09.19-10.09.17:819][  0]LogTemp: Display: Module 'TVOSTargetPlatform' loaded TargetPlatform 'TVOS'
[2020.09.19-10.09.17:852][  0]LogTemp: Display: Module 'LinuxClientTargetPlatform' loaded TargetPlatform 'LinuxClient'
[2020.09.19-10.09.17:876][  0]LogTemp: Display: Module 'LinuxNoEditorTargetPlatform' loaded TargetPlatform 'LinuxNoEditor'
[2020.09.19-10.09.17:931][  0]LogTemp: Display: Module 'LinuxServerTargetPlatform' loaded TargetPlatform 'LinuxServer'
[2020.09.19-10.09.17:977][  0]LogTemp: Display: Module 'LinuxTargetPlatform' loaded TargetPlatform 'Linux'
[2020.09.19-10.09.18:055][  0]LogTemp: Display: Module 'LuminTargetPlatform' loaded TargetPlatform 'Lumin'
[2020.09.19-10.09.18:055][  0]LogTemp: Display: Module 'LuminTargetPlatform' loaded TargetPlatform 'LuminClient'
[2020.09.19-10.09.18:055][  0]LogTargetPlatformManager: Display: Building Assets For Windows
[2020.09.19-10.09.18:626][  0]LogAudioDebug: Display: Lib vorbis DLL was dynamically loaded.
[2020.09.19-10.09.20:086][  0]LogShaderCompilers: Guid format shader working directory is -19 characters bigger than the processId version (../../../../../../Users/Nicholas/Documents/GitHub/agile2/MyProject2/Intermediate/Shaders/WorkingDirectory/17640/).
[2020.09.19-10.09.20:086][  0]LogShaderCompilers: Cleaned the shader compiler working directory 'C:/Users/Nicholas/AppData/Local/Temp/UnrealShaderWorkingDir/60F9F4B44118BD3D3F7673AEE9143586/'.
[2020.09.19-10.09.20:104][  0]LogXGEController: Cleaning working directory: C:/Users/Nicholas/AppData/Local/Temp/UnrealXGEWorkingDir/
[2020.09.19-10.09.20:105][  0]LogXGEController: Cannot use XGE Controller as Incredibuild is not installed on this machine.
[2020.09.19-10.09.20:106][  0]LogShaderCompilers: Cannot use XGE Shader Compiler as Incredibuild is not installed on this machine.
[2020.09.19-10.09.20:106][  0]LogShaderCompilers: Display: Using Local Shader Compiler.
[2020.09.19-10.09.29:449][  0]LogDerivedDataCache: Display: Max Cache Size: 512 MB
[2020.09.19-10.09.30:221][  0]LogDerivedDataCache: Loaded boot cache 0.76s 71MB C:/Users/Nicholas/AppData/Local/UnrealEngine/4.22/DerivedDataCache/Boot.ddc.
[2020.09.19-10.09.30:221][  0]LogDerivedDataCache: Display: Loaded Boot cache: C:/Users/Nicholas/AppData/Local/UnrealEngine/4.22/DerivedDataCache/Boot.ddc
[2020.09.19-10.09.30:221][  0]LogDerivedDataCache: FDerivedDataBackendGraph:  Pak pak cache file ../../../../../../Users/Nicholas/Documents/GitHub/agile2/MyProject2/DerivedDataCache/DDC.ddp not found, will not use a pak cache.
[2020.09.19-10.09.30:222][  0]LogDerivedDataCache: Unable to find inner node Pak for hierarchical cache Hierarchy.
[2020.09.19-10.09.30:222][  0]LogDerivedDataCache: FDerivedDataBackendGraph:  CompressedPak pak cache file ../../../../../../Users/Nicholas/Documents/GitHub/agile2/MyProject2/DerivedDataCache/Compressed.ddp not found, will not use a pak cache.
[2020.09.19-10.09.30:222][  0]LogDerivedDataCache: Unable to find inner node CompressedPak for hierarchical cache Hierarchy.
[2020.09.19-10.09.30:390][  0]LogDerivedDataCache: Display: Pak cache opened for reading ../../../Engine/DerivedDataCache/Compressed.ddp.
[2020.09.19-10.09.30:390][  0]LogDerivedDataCache: FDerivedDataBackendGraph:  EnterprisePak pak cache file ../../../Enterprise/DerivedDataCache/Compressed.ddp not found, will not use a pak cache.
[2020.09.19-10.09.30:390][  0]LogDerivedDataCache: Unable to find inner node EnterprisePak for hierarchical cache Hierarchy.
[2020.09.19-10.09.30:444][  0]LogDerivedDataCache: Using Local data cache path C:/Users/Nicholas/AppData/Local/UnrealEngine/Common/DerivedDataCache: Writable
[2020.09.19-10.09.30:444][  0]LogDerivedDataCache: Shared data cache path not found in *engine.ini, will not use an Shared cache.
[2020.09.19-10.09.30:444][  0]LogDerivedDataCache: Unable to find inner node Shared for hierarchical cache Hierarchy.
[2020.09.19-10.09.30:541][  0]LogMaterial: Verifying Global Shaders for PCD3D_SM5
[2020.09.19-10.09.30:633][  0]LogSlate: Using FreeType 2.6.0
[2020.09.19-10.09.30:792][  0]LogSlate: SlateFontServices - WITH_FREETYPE: 1, WITH_HARFBUZZ: 1
[2020.09.19-10.09.34:833][  0]LogAssetRegistry: FAssetRegistry took 0.0700 seconds to start up
[2020.09.19-10.09.46:000][  0]LogInit: Selected Device Profile: [Windows]
[2020.09.19-10.09.51:414][  0]LogMeshReduction: Using QuadricMeshReduction for automatic static mesh reduction
[2020.09.19-10.09.51:414][  0]LogMeshReduction: Using SimplygonMeshReduction for automatic skeletal mesh reduction
[2020.09.19-10.09.51:414][  0]LogMeshReduction: Using ProxyLODMeshReduction for automatic mesh merging
[2020.09.19-10.09.51:414][  0]LogMeshReduction: No distributed automatic mesh merging module available
[2020.09.19-10.09.51:415][  0]LogMeshMerging: No distributed automatic mesh merging module available
[2020.09.19-10.09.52:436][  0]LogNetVersion: MyProject2 1.0.0, NetCL: 5660361, EngineNetVer: 10, GameNetVer: 0 (Checksum: 4139302413)
[2020.09.19-10.10.03:496][  0]LogPackageLocalizationCache: Processed 10 localized package path(s) for 1 prioritized culture(s) in 0.098746 seconds
[2020.09.19-10.10.03:540][  0]LogUObjectArray: 42205 objects as part of root set at end of initial load.
[2020.09.19-10.10.03:540][  0]LogUObjectAllocator: 7325032 out of 0 bytes used by permanent object pool.
[2020.09.19-10.10.03:540][  0]LogUObjectArray: CloseDisregardForGC: 0/0 objects in disregard for GC pool
[2020.09.19-10.11.09:321][  0]LogTcpMessaging: Initializing TcpMessaging bridge
[2020.09.19-10.11.09:361][  0]LogUdpMessaging: Initializing bridge on interface 0.0.0.0:0 to multicast group 230.0.0.1:6666.
[2020.09.19-10.11.13:338][  0]SourceControl: Source control is disabled
[2020.09.19-10.11.13:369][  0]SourceControl: Source control is disabled
[2020.09.19-10.11.13:710][  0]SourceControl: Source control is disabled
[2020.09.19-10.11.13:727][  0]SourceControl: Source control is disabled
[2020.09.19-10.11.15:681][  0]LogAndroidPermission: UAndroidPermissionCallbackProxy::GetInstance
[2020.09.19-10.11.16:592][  0]LogOcInput: OculusInput pre-init called
[2020.09.19-10.11.36:683][  0]LogEngine: Initializing Engine...
[2020.09.19-10.11.36:707][  0]LogHMD: Failed to initialize OpenVR with code 110
[2020.09.19-10.11.36:711][  0]LogStats: UGameplayTagsManager::InitializeManager -  0.001 s
[2020.09.19-10.11.38:348][  0]LogInit: Initializing FReadOnlyCVARCache
[2020.09.19-10.11.39:127][  0]LogAIModule: Creating AISystem for world Untitled
[2020.09.19-10.11.39:432][  0]LogInit: XAudio2 using 'Speakers (Realtek High Definition Audio)' : 2 channels at 48 kHz using 32 bits per sample (channel mask 0x3)
[2020.09.19-10.11.39:664][  0]LogInit: FAudioDevice initialized.
[2020.09.19-10.11.39:680][  0]LogNetVersion: Set ProjectVersion to 1.0.0.0. Version Checksum will be recalculated on next use.
[2020.09.19-10.11.40:541][  0]LogDerivedDataCache: Saved boot cache 0.86s 71MB C:/Users/Nicholas/AppData/Local/UnrealEngine/4.22/DerivedDataCache/Boot.ddc.
[2020.09.19-10.11.40:554][  0]LogInit: Texture streaming: Enabled
[2020.09.19-10.11.43:339][  0]LogEngineSessionManager: EngineSessionManager initialized
[2020.09.19-10.11.44:174][  0]LogInit: Transaction tracking system initialized
[2020.09.19-10.11.44:841][  0]BlueprintLog: New page: Editor Load
[2020.09.19-10.11.46:636][  0]LocalizationService: Localization service is disabled
[2020.09.19-10.11.52:499][  0]LogAutoReimportManager: Warning: Unable to watch directory ../../../../../../Users/Nicholas/Documents/GitHub/agile2/MyProject2/Content/ as it doesn't exist.
[2020.09.19-10.11.52:586][  0]LogCook: Display: Max memory allowance for cook 16384mb min free memory 0mb
[2020.09.19-10.11.52:587][  0]LogCook: Display: Mobile HDR setting 1
[2020.09.19-10.11.57:761][  0]SourceControl: Source control is disabled
[2020.09.19-10.11.57:820][  0]Cmd: MAP LOAD FILE="../../../Engine/Content/Maps/Templates/Template_Default.umap" TEMPLATE=1 SHOWPROGRESS=1 FEATURELEVEL=3
[2020.09.19-10.11.57:885][  0]LightingResults: New page: Lighting Build
[2020.09.19-10.11.58:191][  0]MapCheck: New page: Map Check
[2020.09.19-10.11.58:191][  0]LightingResults: New page: Lighting Build
[2020.09.19-10.11.58:841][  0]LogUObjectHash: Compacting FUObjectHashTables data took  14.01ms
[2020.09.19-10.12.04:083][  0]LogAIModule: Creating AISystem for world Untitled_1
[2020.09.19-10.12.07:347][  0]LogEditorServer: Finished looking for orphan Actors (0.000 secs)
[2020.09.19-10.12.08:564][  0]LogUObjectHash: Compacting FUObjectHashTables data took   3.14ms
[2020.09.19-10.12.08:762][  0]Cmd: MAP CHECKDEP NOCLEARLOG
[2020.09.19-10.12.08:861][  0]MapCheck: Map check complete: 0 Error(s), 0 Warning(s), took 67.092ms to complete.
[2020.09.19-10.12.08:863][  0]LogFileHelpers: Loading map 'Template_Default' took 11.073
[2020.09.19-10.12.22:811][  0]LogSlate: Updating window title bar state: overlay mode, drag disabled, window buttons hidden, title bar hidden
[2020.09.19-10.12.22:845][  0]LogSlate: Updating window title bar state: overlay mode, drag disabled, window buttons hidden, title bar hidden
[2020.09.19-10.12.22:854][  0]LogSlate: Updating window title bar state: overlay mode, drag disabled, window buttons hidden, title bar hidden
[2020.09.19-10.12.22:864][  0]LogSlate: Updating window title bar state: overlay mode, drag disabled, window buttons hidden, title bar hidden
[2020.09.19-10.12.23:130][  0]LogCollectionManager: Loaded 0 collections in 0.003824 seconds
[2020.09.19-10.12.23:442][  0]LogFileCache: Scanning file cache for directory 'C:/Users/Nicholas/Documents/GitHub/agile2/MyProject2/Saved/Collections/' took 0.01s
[2020.09.19-10.12.23:443][  0]LogFileCache: Scanning file cache for directory 'C:/Users/Nicholas/Documents/GitHub/agile2/MyProject2/Content/Developers/Nicholas/Collections/' took 0.01s
[2020.09.19-10.12.23:443][  0]LogFileCache: Scanning file cache for directory 'C:/Users/Nicholas/Documents/GitHub/agile2/MyProject2/Content/Collections/' took 0.01s
[2020.09.19-10.12.23:443][  0]LogCollectionManager: Rebuilt the GUID cache for 0 collections in 0.000001 seconds
[2020.09.19-10.12.23:580][  0]LogContentBrowser: Native class hierarchy populated in 0.0908 seconds. Added 2733 classes and 661 folders.
[2020.09.19-10.12.23:817][  0]LogContentBrowser: Native class hierarchy updated for 'WidgetCarousel' in 0.0017 seconds. Added 0 classes and 0 folders.
[2020.09.19-10.12.24:111][  0]LogPakFile: Registered encryption key '00000000000000000000000000000000': 0 pak files mounted, 0 remain pending
[2020.09.19-10.12.24:212][  0]LogPakFile: Registered encryption key '00000000000000000000000000000000': 0 pak files mounted, 0 remain pending
[2020.09.19-10.12.24:389][  0]LogPakFile: Registered encryption key '00000000000000000000000000000000': 0 pak files mounted, 0 remain pending
[2020.09.19-10.12.24:429][  0]LogPakFile: Registered encryption key '00000000000000000000000000000000': 0 pak files mounted, 0 remain pending
[2020.09.19-10.12.24:486][  0]LogPakFile: Registered encryption key '00000000000000000000000000000000': 0 pak files mounted, 0 remain pending
[2020.09.19-10.12.24:628][  0]LogPakFile: Registered encryption key '00000000000000000000000000000000': 0 pak files mounted, 0 remain pending
[2020.09.19-10.12.24:658][  0]LogPakFile: Registered encryption key '00000000000000000000000000000000': 0 pak files mounted, 0 remain pending
[2020.09.19-10.12.24:728][  0]LogPakFile: Registered encryption key '00000000000000000000000000000000': 0 pak files mounted, 0 remain pending
[2020.09.19-10.12.24:760][  0]LogPakFile: Registered encryption key '00000000000000000000000000000000': 0 pak files mounted, 0 remain pending
[2020.09.19-10.12.24:796][  0]LogPakFile: Registered encryption key '00000000000000000000000000000000': 0 pak files mounted, 0 remain pending
[2020.09.19-10.12.24:821][  0]LogPakFile: Registered encryption key '00000000000000000000000000000000': 0 pak files mounted, 0 remain pending
[2020.09.19-10.12.24:853][  0]LogPakFile: Registered encryption key '00000000000000000000000000000000': 0 pak files mounted, 0 remain pending
[2020.09.19-10.12.24:894][  0]LogPakFile: Registered encryption key '00000000000000000000000000000000': 0 pak files mounted, 0 remain pending
[2020.09.19-10.12.24:946][  0]LogPakFile: Registered encryption key '00000000000000000000000000000000': 0 pak files mounted, 0 remain pending
[2020.09.19-10.12.24:977][  0]LogPakFile: Registered encryption key '00000000000000000000000000000000': 0 pak files mounted, 0 remain pending
[2020.09.19-10.12.25:004][  0]LogPakFile: Registered encryption key '00000000000000000000000000000000': 0 pak files mounted, 0 remain pending
[2020.09.19-10.12.25:065][  0]LogPakFile: Registered encryption key '00000000000000000000000000000000': 0 pak files mounted, 0 remain pending
[2020.09.19-10.12.25:103][  0]LogPakFile: Registered encryption key '00000000000000000000000000000000': 0 pak files mounted, 0 remain pending
[2020.09.19-10.12.25:161][  0]LogPakFile: Registered encryption key '00000000000000000000000000000000': 0 pak files mounted, 0 remain pending
[2020.09.19-10.12.25:218][  0]LogPakFile: Registered encryption key '00000000000000000000000000000000': 0 pak files mounted, 0 remain pending
[2020.09.19-10.12.25:265][  0]LogPakFile: Registered encryption key '00000000000000000000000000000000': 0 pak files mounted, 0 remain pending
[2020.09.19-10.12.25:295][  0]LogPakFile: Registered encryption key '00000000000000000000000000000000': 0 pak files mounted, 0 remain pending
[2020.09.19-10.12.25:311][  0]LogPakFile: Registered encryption key '00000000000000000000000000000000': 0 pak files mounted, 0 remain pending
[2020.09.19-10.12.25:346][  0]LogPakFile: Registered encryption key '00000000000000000000000000000000': 0 pak files mounted, 0 remain pending
[2020.09.19-10.12.25:375][  0]LogPakFile: Registered encryption key '00000000000000000000000000000000': 0 pak files mounted, 0 remain pending
[2020.09.19-10.12.25:448][  0]LogPakFile: Registered encryption key '00000000000000000000000000000000': 0 pak files mounted, 0 remain pending
[2020.09.19-10.12.28:664][  0]LogContentBrowser: Native class hierarchy updated for 'AddContentDialog' in 0.0006 seconds. Added 0 classes and 0 folders.
[2020.09.19-10.12.28:834][  0]LogContentBrowser: Native class hierarchy updated for 'SceneOutliner' in 0.0015 seconds. Added 1 classes and 2 folders.
[2020.09.19-10.12.29:967][  0]LogSlate: Took 0.079502 seconds to synchronously load lazily loaded font '../../../Engine/Content/Slate/Fonts/Roboto-Regular.ttf' (155K)
[2020.09.19-10.12.30:062][  0]LogSlate: Took 0.039467 seconds to synchronously load lazily loaded font '../../../Engine/Content/Slate/Fonts/Roboto-Bold.ttf' (160K)
[2020.09.19-10.12.30:275][  0]LogSlate: Took 0.064795 seconds to synchronously load lazily loaded font '../../../Engine/Content/Editor/Slate/Fonts/FontAwesome.ttf' (139K)
[2020.09.19-10.12.31:548][  0]LogRenderer: Reallocating scene render targets to support 1156x572 Format 9 NumSamples 1 (Frame:1).
[2020.09.19-10.12.33:982][  0]LogContentBrowser: Native class hierarchy updated for 'HierarchicalLODOutliner' in 0.0018 seconds. Added 0 classes and 0 folders.
[2020.09.19-10.12.33:983][  0]LogLoad: (Engine Initialization) Total time: 525.47 seconds
[2020.09.19-10.12.33:983][  0]LogLoad: (Engine Initialization) Total Blueprint compile time: 0.06 seconds
[2020.09.19-10.12.35:033][  0]LogContentStreaming: Texture pool size now 400 MB
[2020.09.19-10.12.36:086][  3]LogAssetRegistry: Asset discovery search completed in 181.2774 seconds
[2020.09.19-10.12.36:166][  3]LogCollectionManager: Rebuilt the object cache for 0 collections in 0.000000 seconds (found 0 objects)
[2020.09.19-10.12.36:166][  3]LogCollectionManager: Fixed up redirectors for 0 collections in 0.007405 seconds (updated 0 objects)
[2020.09.19-10.21.32:257][ 11]LogD3D11RHI: Timed out while waiting for GPU to catch up. (0.5 s)
[2020.09.19-10.21.45:215][233]LogD3D11RHI: Timed out while waiting for GPU to catch up. (0.5 s)
[2020.09.19-10.25.19:453][121]LogSlate: FSceneViewport::OnFocusLost() reason 0
[2020.09.19-10.25.19:522][123]LogTemp: Repeating last play command: Selected Viewport
[2020.09.19-10.25.19:598][123]LogBlueprintUserMessages: Early PlayInEditor Detection: Level '/Temp/Untitled_1.Untitled_1:PersistentLevel' has LevelScriptBlueprint '/Temp/Untitled_1.Untitled_1:PersistentLevel.Untitled' with GeneratedClass '/Temp/Untitled_1.Untitled_C' with ClassGeneratedBy '/Temp/Untitled_1.Untitled_1:PersistentLevel.Untitled'
[2020.09.19-10.25.19:635][123]LogPlayLevel: PlayLevel: No blueprints needed recompiling
[2020.09.19-10.25.19:743][123]PIE: New page: PIE session: Untitled_1 (Sep 18, 2020, 8:25:19 PM)
[2020.09.19-10.25.19:891][123]LogPlayLevel: Creating play world package: /Temp/UEDPIE_0_Untitled_1
[2020.09.19-10.25.19:964][123]LogPlayLevel: PIE: StaticDuplicateObject took: (0.072530s)
[2020.09.19-10.25.19:979][123]LogAIModule: Creating AISystem for world Untitled_1
[2020.09.19-10.25.20:031][123]LogPlayLevel: PIE: World Init took: (0.067772s)
[2020.09.19-10.25.20:032][123]LogPlayLevel: PIE: Created PIE world by copying editor world from /Temp/Untitled_1.Untitled_1 to /Temp/UEDPIE_0_Untitled_1.Untitled_1 (0.141216s)
[2020.09.19-10.25.20:087][123]LogUObjectHash: Compacting FUObjectHashTables data took   1.77ms
[2020.09.19-10.25.20:127][123]LogInit: XAudio2 using 'Speakers (Realtek High Definition Audio)' : 2 channels at 48 kHz using 32 bits per sample (channel mask 0x3)
[2020.09.19-10.25.20:151][123]LogInit: FAudioDevice initialized.
[2020.09.19-10.25.20:304][123]LogLoad: Game class is 'GameModeBase'
[2020.09.19-10.25.20:404][123]LogWorld: Bringing World /Temp/UEDPIE_0_Untitled_1.Untitled_1 up for play (max tick rate 0) at 2020.09.19-03.25.20
[2020.09.19-10.25.20:414][123]LogWorld: Bringing up level for play took: 0.013073
[2020.09.19-10.25.20:704][123]LogContentBrowser: Native class hierarchy updated for 'MovieSceneCapture' in 0.0138 seconds. Added 20 classes and 0 folders.
[2020.09.19-10.25.20:867][123]PIE: Play in editor start time for /Temp/UEDPIE_0_Untitled_1 0.665
[2020.09.19-10.25.20:868][123]LogBlueprintUserMessages: Late PlayInEditor Detection: Level '/Temp/Untitled_1.Untitled_1:PersistentLevel' has LevelScriptBlueprint '/Temp/Untitled_1.Untitled_1:PersistentLevel.Untitled' with GeneratedClass '/Temp/Untitled_1.Untitled_C' with ClassGeneratedBy '/Temp/Untitled_1.Untitled_1:PersistentLevel.Untitled'
[2020.09.19-10.25.52:874][638]LogBlueprintUserMessages: Early EndPlayMap Detection: Level '/Temp/Untitled_1.Untitled_1:PersistentLevel' has LevelScriptBlueprint '/Temp/Untitled_1.Untitled_1:PersistentLevel.Untitled' with GeneratedClass '/Temp/Untitled_1.Untitled_C' with ClassGeneratedBy '/Temp/Untitled_1.Untitled_1:PersistentLevel.Untitled'
[2020.09.19-10.25.53:147][638]LogSlate: Updating window title bar state: overlay mode, drag disabled, window buttons hidden, title bar hidden
[2020.09.19-10.25.53:320][638]LogPlayLevel: Display: Shutting down PIE online subsystems
[2020.09.19-10.25.53:345][638]LogBlueprintUserMessages: Late EndPlayMap Detection: Level '/Temp/Untitled_1.Untitled_1:PersistentLevel' has LevelScriptBlueprint '/Temp/Untitled_1.Untitled_1:PersistentLevel.Untitled' with GeneratedClass '/Temp/Untitled_1.Untitled_C' with ClassGeneratedBy '/Temp/Untitled_1.Untitled_1:PersistentLevel.Untitled'
[2020.09.19-10.25.53:506][638]LogSlate: Updating window title bar state: overlay mode, drag disabled, window buttons hidden, title bar hidden
[2020.09.19-10.25.53:760][638]LogUObjectHash: Compacting FUObjectHashTables data took   2.37ms
[2020.09.19-10.25.53:886][639]LogPlayLevel: Display: Destroying online subsystem :Context_1
[2020.09.19-10.26.10:031][709]LogSlate: Took 0.040100 seconds to synchronously load lazily loaded font '../../../Engine/Content/Slate/Fonts/Roboto-Light.ttf' (167K)
[2020.09.19-10.43.33:208][886]LogSlate: FSceneViewport::OnFocusLost() reason 0
[2020.09.19-10.52.23:078][743]LogSlate: FSceneViewport::OnFocusLost() reason 0
[2020.09.19-10.56.17:718][864]LogSlate: Took 0.120288 seconds to synchronously load lazily loaded font '../../../Engine/Content/Slate/Fonts/Roboto-Italic.ttf' (157K)
[2020.09.19-10.56.19:118][868]LogUObjectHash: Compacting FUObjectHashTables data took   0.99ms
[2020.09.19-10.56.19:270][868]LogSlate: Window 'MyProject2 - Unreal Editor' being destroyed
[2020.09.19-10.56.19:290][868]LogWindowsTextInputMethodSystem: Display: IME system now deactivated.
[2020.09.19-10.56.20:416][869]Cmd: QUIT_EDITOR
[2020.09.19-10.56.21:511][869]LogExit: Preparing to exit.
[2020.09.19-10.56.23:171][869]LogExit: Editor shut down
[2020.09.19-10.56.23:173][869]LogExit: Transaction tracking system shut down
[2020.09.19-10.56.26:403][869]LogExit: Object subsystem successfully closed.
[2020.09.19-10.56.26:932][869]LogShaderCompilers: Display: Shaders left to compile 0
[2020.09.19-10.56.27:006][869]LogD3D11RHI: Shutdown
[2020.09.19-10.56.27:006][869]LogD3D11RHI: CleanupD3DDevice
[2020.09.19-10.56.27:025][869]LogRendererCore: FGlobalReadBuffer::ReleaseRHI
[2020.09.19-10.56.27:026][869]LogRendererCore: FGlobalDynamicReadBuffer::Cleanup()
[2020.09.19-10.56.27:045][869]LogRendererCore: FGlobalReadBuffer::ReleaseRHI
[2020.09.19-10.56.27:045][869]LogRendererCore: FGlobalDynamicReadBuffer::Cleanup()
[2020.09.19-10.56.27:046][869]LogRendererCore: FGlobalReadBuffer::ReleaseRHI
[2020.09.19-10.56.27:046][869]LogRendererCore: FGlobalDynamicReadBuffer::Cleanup()
[2020.09.19-10.56.27:133][869]LogD3D11RHI: ~FD3D11DynamicRHI
[2020.09.19-10.56.28:525][869]LogModuleManager: Shutting down and abandoning module MovieSceneCapture (650)
[2020.09.19-10.56.28:525][869]LogModuleManager: Shutting down and abandoning module Voice (648)
[2020.09.19-10.56.28:537][869]LogModuleManager: Shutting down and abandoning module HierarchicalLODOutliner (646)
[2020.09.19-10.56.28:538][869]LogModuleManager: Shutting down and abandoning module SceneOutliner (644)
[2020.09.19-10.56.28:538][869]LogModuleManager: Shutting down and abandoning module AddContentDialog (642)
[2020.09.19-10.56.28:562][869]LogModuleManager: Shutting down and abandoning module WidgetCarousel (641)
[2020.09.19-10.56.28:562][869]LogModuleManager: Shutting down and abandoning module EditorWidgets (638)
[2020.09.19-10.56.28:562][869]LogModuleManager: Shutting down and abandoning module CollectionManager (636)
[2020.09.19-10.56.28:572][869]LogModuleManager: Shutting down and abandoning module HierarchicalLODUtilities (634)
[2020.09.19-10.56.28:577][869]LogModuleManager: Shutting down and abandoning module StatsViewer (632)
[2020.09.19-10.56.28:594][869]LogModuleManager: Shutting down and abandoning module FoliageEdit (630)
[2020.09.19-10.56.28:594][869]LogModuleManager: Shutting down and abandoning module LandscapeEditor (628)
[2020.09.19-10.56.28:700][869]LogModuleManager: Shutting down and abandoning module MeshPaintMode (626)
[2020.09.19-10.56.28:713][869]LogModuleManager: Shutting down and abandoning module SceneDepthPickerMode (624)
[2020.09.19-10.56.28:714][869]LogModuleManager: Shutting down and abandoning module ActorPickerMode (622)
[2020.09.19-10.56.28:714][869]LogModuleManager: Shutting down and abandoning module GeometryMode (620)
[2020.09.19-10.56.28:714][869]LogModuleManager: Shutting down and abandoning module TextureAlignMode (618)
[2020.09.19-10.56.28:714][869]LogModuleManager: Shutting down and abandoning module BspMode (616)
[2020.09.19-10.56.28:714][869]LogModuleManager: Shutting down and abandoning module PIEPreviewDeviceProfileSelector (614)
[2020.09.19-10.56.28:739][869]LogModuleManager: Shutting down and abandoning module SequenceRecorderSections (612)
[2020.09.19-10.56.28:755][869]LogModuleManager: Shutting down and abandoning module AutomationWorker (610)
[2020.09.19-10.56.28:766][869]LogModuleManager: Shutting down and abandoning module OculusMR (608)
[2020.09.19-10.56.28:766][869]LogModuleManager: Shutting down and abandoning module AudioCaptureEditor (606)
[2020.09.19-10.56.28:781][869]LogModuleManager: Shutting down and abandoning module MatineeToLevelSequence (604)
[2020.09.19-10.56.28:794][869]LogModuleManager: Shutting down and abandoning module LevelSequenceEditor (602)
[2020.09.19-10.56.28:815][869]LogModuleManager: Shutting down and abandoning module PlacementMode (601)
[2020.09.19-10.56.28:815][869]LogModuleManager: Shutting down and abandoning module MaterialEditor (600)
[2020.09.19-10.56.28:845][869]LogModuleManager: Shutting down and abandoning module ActorSequenceEditor (596)
[2020.09.19-10.56.28:859][869]LogModuleManager: Shutting down and abandoning module WmfMediaFactory (594)
[2020.09.19-10.56.28:859][869]LogModuleManager: Shutting down and abandoning module WmfMediaEditor (592)
[2020.09.19-10.56.28:859][869]LogModuleManager: Shutting down and abandoning module WebMMediaFactory (590)
[2020.09.19-10.56.28:859][869]LogModuleManager: Shutting down and abandoning module WebMMediaEditor (588)
[2020.09.19-10.56.28:859][869]LogModuleManager: Shutting down and abandoning module WebMMedia (586)
[2020.09.19-10.56.28:872][869]LogModuleManager: Shutting down and abandoning module MediaPlayerEditor (584)
[2020.09.19-10.56.28:921][869]LogModuleManager: Shutting down and abandoning module MediaCompositingEditor (582)
[2020.09.19-10.56.28:934][869]LogModuleManager: Shutting down and abandoning module SequenceRecorder (581)
[2020.09.19-10.56.28:934][869]LogModuleManager: Shutting down and abandoning module OpenExrWrapper (578)
[2020.09.19-10.56.28:934][869]LogModuleManager: Shutting down and abandoning module ImgMediaFactory (576)
[2020.09.19-10.56.28:934][869]LogModuleManager: Shutting down and abandoning module ImgMediaEditor (574)
[2020.09.19-10.56.28:934][869]LogModuleManager: Shutting down and abandoning module AvfMediaFactory (572)
[2020.09.19-10.56.28:934][869]LogModuleManager: Shutting down and abandoning module AvfMediaEditor (570)
[2020.09.19-10.56.28:934][869]LogModuleManager: Shutting down and abandoning module AndroidMediaFactory (568)
[2020.09.19-10.56.28:934][869]LogModuleManager: Shutting down and abandoning module AndroidMediaEditor (566)
[2020.09.19-10.56.28:934][869]LogModuleManager: Shutting down and abandoning module MagicLeapCameraPreviewFactory (564)
[2020.09.19-10.56.28:934][869]LogModuleManager: Shutting down and abandoning module MagicLeapMediaCodecFactory (562)
[2020.09.19-10.56.28:934][869]LogModuleManager: Shutting down and abandoning module MagicLeapMediaFactory (560)
[2020.09.19-10.56.28:934][869]LogModuleManager: Shutting down and abandoning module MagicLeapMediaEditor (558)
[2020.09.19-10.56.28:935][869]LogModuleManager: Shutting down and abandoning module CharacterAI (556)
[2020.09.19-10.56.28:935][869]LogModuleManager: Shutting down and abandoning module SmartSnapping (554)
[2020.09.19-10.56.28:935][869]LogModuleManager: Shutting down and abandoning module SessionServices (552)
[2020.09.19-10.56.28:935][869]LogModuleManager: Shutting down and abandoning module MeshPaint (550)
[2020.09.19-10.56.28:948][869]LogModuleManager: Shutting down and abandoning module ViewportSnapping (548)
[2020.09.19-10.56.28:948][869]LogModuleManager: Shutting down and abandoning module ViewportInteraction (546)
[2020.09.19-10.56.28:948][869]LogModuleManager: Shutting down and abandoning module ClothPainter (544)
[2020.09.19-10.56.28:969][869]LogModuleManager: Shutting down and abandoning module SkeletalMeshEditor (543)
[2020.09.19-10.56.28:986][869]LogModuleManager: Shutting down and abandoning module LogVisualizer (540)
[2020.09.19-10.56.29:004][869]LogModuleManager: Shutting down and abandoning module IntroTutorials (538)
[2020.09.19-10.56.29:039][869]LogModuleManager: Shutting down and abandoning module GameProjectGeneration (537)
[2020.09.19-10.56.29:056][869]LogModuleManager: Shutting down and abandoning module LuminPlatformEditor (534)
[2020.09.19-10.56.29:056][869]LogModuleManager: Shutting down and abandoning module IOSPlatformEditor (532)
[2020.09.19-10.56.29:056][869]LogModuleManager: Shutting down and abandoning module HTML5PlatformEditor (530)
[2020.09.19-10.56.29:056][869]LogModuleManager: Shutting down and abandoning module AndroidPlatformEditor (528)
[2020.09.19-10.56.29:065][869]LogModuleManager: Shutting down and abandoning module AndroidDeviceDetection (527)
[2020.09.19-10.56.30:043][869]LogModuleManager: Shutting down and abandoning module WindowsPlatformEditor (524)
[2020.09.19-10.56.30:043][869]LogModuleManager: Shutting down and abandoning module LuminRuntimeSettings (522)
[2020.09.19-10.56.30:043][869]LogModuleManager: Shutting down and abandoning module IOSRuntimeSettings (520)
[2020.09.19-10.56.30:043][869]LogModuleManager: Shutting down and abandoning module AndroidRuntimeSettings (518)
[2020.09.19-10.56.30:043][869]LogModuleManager: Shutting down and abandoning module TimeManagementEditor (516)
[2020.09.19-10.56.30:043][869]LogModuleManager: Shutting down and abandoning module InputBindingEditor (514)
[2020.09.19-10.56.30:054][869]LogModuleManager: Shutting down and abandoning module MergeActors (512)
[2020.09.19-10.56.30:075][869]LogModuleManager: Shutting down and abandoning module LocalizationDashboard (510)
[2020.09.19-10.56.30:093][869]LogModuleManager: Shutting down and abandoning module LocalizationService (509)
[2020.09.19-10.56.30:110][869]LogModuleManager: Shutting down and abandoning module HardwareTargeting (506)
[2020.09.19-10.56.30:110][869]LogModuleManager: Shutting down and abandoning module DeviceProfileEditor (504)
[2020.09.19-10.56.30:124][869]LogModuleManager: Shutting down and abandoning module UndoHistory (502)
[2020.09.19-10.56.30:135][869]LogModuleManager: Shutting down and abandoning module XmlParser (500)
[2020.09.19-10.56.30:145][869]LogModuleManager: Shutting down and abandoning module Blutility (498)
[2020.09.19-10.56.30:160][869]LogModuleManager: Shutting down and abandoning module ProjectSettingsViewer (496)
[2020.09.19-10.56.30:160][869]LogModuleManager: Shutting down and abandoning module ProjectTargetPlatformEditor (495)
[2020.09.19-10.56.30:160][869]LogModuleManager: Shutting down and abandoning module EditorSettingsViewer (492)
[2020.09.19-10.56.30:160][869]LogModuleManager: Shutting down and abandoning module SettingsEditor (490)
[2020.09.19-10.56.30:201][869]LogModuleManager: Shutting down and abandoning module ProjectLauncher (488)
[2020.09.19-10.56.30:217][869]LogModuleManager: Shutting down and abandoning module SessionFrontend (486)
[2020.09.19-10.56.30:231][869]LogModuleManager: Shutting down and abandoning module ProfilerClient (484)
[2020.09.19-10.56.30:242][869]LogModuleManager: Shutting down and abandoning module DeviceManager (482)
[2020.09.19-10.56.30:257][869]LogModuleManager: Shutting down and abandoning module TargetDeviceServices (481)
[2020.09.19-10.56.30:314][869]LogModuleManager: Shutting down and abandoning module AutomationController (478)
[2020.09.19-10.56.30:332][869]LogModuleManager: Shutting down and abandoning module AutomationWindow (476)
[2020.09.19-10.56.30:352][869]LogModuleManager: Shutting down and abandoning module Layers (474)
[2020.09.19-10.56.30:374][869]LogModuleManager: Shutting down and abandoning module ComponentVisualizers (472)
[2020.09.19-10.56.30:375][869]LogModuleManager: Shutting down and abandoning module DetailCustomizations (470)
[2020.09.19-10.56.30:375][869]LogModuleManager: Shutting down and abandoning module PackagesDialog (468)
[2020.09.19-10.56.30:388][869]LogModuleManager: Shutting down and abandoning module AnimationBlueprintEditor (466)
[2020.09.19-10.56.30:459][869]LogModuleManager: Shutting down and abandoning module Persona (464)
[2020.09.19-10.56.30:487][869]LogModuleManager: Shutting down and abandoning module AdvancedPreviewScene (463)
[2020.09.19-10.56.30:487][869]LogModuleManager: Shutting down and abandoning module AnimGraph (461)
[2020.09.19-10.56.30:487][869]LogModuleManager: Shutting down and abandoning module Kismet (458)
[2020.09.19-10.56.30:500][869]LogModuleManager: Shutting down and abandoning module GraphEditor (456)
[2020.09.19-10.56.30:530][869]LogModuleManager: Shutting down and abandoning module ClassViewer (454)
[2020.09.19-10.56.30:530][869]LogModuleManager: Shutting down and abandoning module Toolbox (452)
[2020.09.19-10.56.30:530][869]LogModuleManager: Shutting down and abandoning module ModuleUI (450)
[2020.09.19-10.56.30:543][869]LogModuleManager: Shutting down and abandoning module MovieSceneTools (448)
[2020.09.19-10.56.30:554][869]LogModuleManager: Shutting down and abandoning module OutputLog (446)
[2020.09.19-10.56.30:555][869]LogModuleManager: Shutting down and abandoning module GammaUI (444)
[2020.09.19-10.56.30:569][869]LogModuleManager: Shutting down and abandoning module Documentation (442)
[2020.09.19-10.56.30:569][869]LogModuleManager: Shutting down and abandoning module LiveCoding (440)
[2020.09.19-10.56.30:597][869]LogModuleManager: Shutting down and abandoning module LevelSequence (438)
[2020.09.19-10.56.30:597][869]LogModuleManager: Shutting down and abandoning module MovieSceneTracks (436)
[2020.09.19-10.56.30:597][869]LogModuleManager: Shutting down and abandoning module MovieScene (434)
[2020.09.19-10.56.30:610][869]LogModuleManager: Shutting down and abandoning module StreamingPauseRendering (432)
[2020.09.19-10.56.30:625][869]LogModuleManager: Shutting down and abandoning module LauncherPlatform (430)
[2020.09.19-10.56.30:625][869]LogModuleManager: Shutting down and abandoning module AnalyticsET (428)
[2020.09.19-10.56.30:625][869]LogModuleManager: Shutting down and abandoning module PortalServices (426)
[2020.09.19-10.56.30:625][869]LogModuleManager: Shutting down and abandoning module PortalRpc (424)
[2020.09.19-10.56.30:625][869]LogModuleManager: Shutting down and abandoning module MessagingRpc (422)
[2020.09.19-10.56.30:625][869]LogModuleManager: Shutting down and abandoning module AIModule (420)
[2020.09.19-10.56.30:626][869]LogModuleManager: Shutting down and abandoning module GameplayDebugger (419)
[2020.09.19-10.56.30:626][869]LogModuleManager: Shutting down and abandoning module AITestSuite (417)
[2020.09.19-10.56.30:633][869]LogModuleManager: Shutting down and abandoning module NavigationSystem (415)
[2020.09.19-10.56.30:633][869]LogModuleManager: Shutting down and abandoning module ImageWriteQueue (412)
[2020.09.19-10.56.30:644][869]LogModuleManager: Shutting down and abandoning module ProfilerService (410)
[2020.09.19-10.56.30:943][869]LogModuleManager: Shutting down and abandoning module TaskGraph (408)
[2020.09.19-10.56.30:969][869]LogModuleManager: Shutting down and abandoning module SteamVRController (406)
[2020.09.19-10.56.30:969][869]LogModuleManager: Shutting down and abandoning module ProceduralMeshComponentEditor (404)
[2020.09.19-10.56.30:981][869]LogModuleManager: Shutting down and abandoning module ProceduralMeshComponent (402)
[2020.09.19-10.56.30:987][869]LogModuleManager: Shutting down and abandoning module OculusEditor (400)
[2020.09.19-10.56.30:997][869]LogModuleManager: Shutting down and abandoning module OculusInput (398)
[2020.09.19-10.56.30:997][869]LogModuleManager: Shutting down and abandoning module MobilePatchingUtils (396)
[2020.09.19-10.56.30:997][869]LogModuleManager: Shutting down and abandoning module EditableMesh (394)
[2020.09.19-10.56.31:006][869]LogModuleManager: Shutting down and abandoning module CustomMeshComponent (392)
[2020.09.19-10.56.31:006][869]LogModuleManager: Shutting down and abandoning module CableComponent (390)
[2020.09.19-10.56.31:018][869]LogModuleManager: Shutting down and abandoning module AudioCapture (388)
[2020.09.19-10.56.31:018][869]LogModuleManager: Shutting down and abandoning module ArchVisCharacter (386)
[2020.09.19-10.56.31:018][869]LogModuleManager: Shutting down and abandoning module AndroidPermission (384)
[2020.09.19-10.56.31:018][869]LogModuleManager: Shutting down and abandoning module NUTUnrealEngine4 (382)
[2020.09.19-10.56.31:027][869]LogModuleManager: Shutting down and abandoning module NetcodeUnitTest (380)
[2020.09.19-10.56.31:031][869]LogModuleManager: Shutting down and abandoning module MediaCompositing (378)
[2020.09.19-10.56.31:031][869]LogModuleManager: Shutting down and abandoning module LinearTimecode (376)
[2020.09.19-10.56.31:031][869]LogModuleManager: Shutting down and abandoning module ImgMedia (374)
[2020.09.19-10.56.31:031][869]LogModuleManager: Shutting down and abandoning module MagicLeapHelperVulkan (372)
[2020.09.19-10.56.31:031][869]LogModuleManager: Shutting down and abandoning module MagicLeapHelperOpenGL (370)
[2020.09.19-10.56.31:044][869]LogModuleManager: Shutting down and abandoning module MagicLeapAudio (368)
[2020.09.19-10.56.31:057][869]LogModuleManager: Shutting down and abandoning module HTML5Networking (366)
[2020.09.19-10.56.31:057][869]LogModuleManager: Shutting down and abandoning module GeometryCacheTracks (364)
[2020.09.19-10.56.31:058][869]LogModuleManager: Shutting down and abandoning module GeometryCacheSequencer (362)
[2020.09.19-10.56.31:058][869]LogModuleManager: Shutting down and abandoning module BackChannel (360)
[2020.09.19-10.56.31:071][869]LogModuleManager: Shutting down and abandoning module AppleVision (358)
[2020.09.19-10.56.31:071][869]LogModuleManager: Shutting down and abandoning module AppleImageUtilsBlueprintSupport (356)
[2020.09.19-10.56.31:071][869]LogModuleManager: Shutting down and abandoning module AppleImageUtils (354)
[2020.09.19-10.56.31:071][869]LogModuleManager: Shutting down and abandoning module AlembicImporter (352)
[2020.09.19-10.56.31:071][869]LogModuleManager: Shutting down and abandoning module AlembicLibrary (351)
[2020.09.19-10.56.31:071][869]LogModuleManager: Shutting down and abandoning module GeometryCache (350)
[2020.09.19-10.56.31:071][869]LogModuleManager: Shutting down and abandoning module GeometryCacheEd (349)
[2020.09.19-10.56.31:071][869]LogModuleManager: Shutting down and abandoning module VariantManagerContent (344)
[2020.09.19-10.56.31:071][869]LogModuleManager: Shutting down and abandoning module DatasmithContentEditor (342)
[2020.09.19-10.56.31:081][869]LogModuleManager: Shutting down and abandoning module SpeedTreeImporter (340)
[2020.09.19-10.56.31:081][869]LogModuleManager: Shutting down and abandoning module PluginBrowser (338)
[2020.09.19-10.56.31:105][869]LogModuleManager: Shutting down and abandoning module MobileLauncherProfileWizard (336)
[2020.09.19-10.56.31:121][869]LogModuleManager: Shutting down and abandoning module MaterialAnalyzer (334)
[2020.09.19-10.56.31:133][869]LogModuleManager: Shutting down and abandoning module CryptoKeysOpenSSL (332)
[2020.09.19-10.56.31:133][869]LogModuleManager: Shutting down and abandoning module CryptoKeys (330)
[2020.09.19-10.56.31:133][869]LogModuleManager: Shutting down and abandoning module VisualStudioSourceCodeAccess (328)
[2020.09.19-10.56.31:167][869]LogModuleManager: Shutting down and abandoning module VisualStudioCodeSourceCodeAccess (326)
[2020.09.19-10.56.31:167][869]LogModuleManager: Shutting down and abandoning module UObjectPlugin (324)
[2020.09.19-10.56.31:167][869]LogModuleManager: Shutting down and abandoning module SubversionSourceControl (322)
[2020.09.19-10.56.31:182][869]LogModuleManager: Shutting down and abandoning module PerforceSourceControl (320)
[2020.09.19-10.56.31:194][869]LogModuleManager: Shutting down and abandoning module GitSourceControl (318)
[2020.09.19-10.56.31:211][869]LogModuleManager: Shutting down and abandoning module SourceControl (317)
[2020.09.19-10.56.31:220][869]LogModuleManager: Shutting down and abandoning module CLionSourceCodeAccess (314)
[2020.09.19-10.56.31:220][869]LogModuleManager: Shutting down and abandoning module AnimationSharingEd (312)
[2020.09.19-10.56.31:220][869]LogModuleManager: Shutting down and abandoning module ActorLayerUtilitiesEditor (310)
[2020.09.19-10.56.31:220][869]LogModuleManager: Shutting down and abandoning module ActorLayerUtilities (308)
[2020.09.19-10.56.31:220][869]LogModuleManager: Shutting down and abandoning module LightPropagationVolumeEditor (306)
[2020.09.19-10.56.31:220][869]LogModuleManager: Shutting down and abandoning module PaperTiledImporter (304)
[2020.09.19-10.56.31:220][869]LogModuleManager: Shutting down and abandoning module PaperSpriteSheetImporter (302)
[2020.09.19-10.56.31:220][869]LogModuleManager: Shutting down and abandoning module Paper2DEditor (300)
[2020.09.19-10.56.31:242][869]LogModuleManager: Shutting down and abandoning module MyProject2 (298)
[2020.09.19-10.56.31:242][869]LogModuleManager: Shutting down and abandoning module SignificanceManager (296)
[2020.09.19-10.56.31:242][869]LogModuleManager: Shutting down and abandoning module RuntimePhysXCooking (294)
[2020.09.19-10.56.31:242][869]LogModuleManager: Shutting down and abandoning module PhysXVehiclesEditor (292)
[2020.09.19-10.56.31:242][869]LogModuleManager: Shutting down and abandoning module PhysXVehicles (290)
[2020.09.19-10.56.31:242][869]LogModuleManager: Shutting down and abandoning module LocationServicesBPLibrary (288)
[2020.09.19-10.56.31:242][869]LogModuleManager: Shutting down and abandoning module ActorSequence (286)
[2020.09.19-10.56.31:242][869]LogModuleManager: Shutting down and abandoning module UdpMessaging (284)
[2020.09.19-10.56.31:343][869]LogModuleManager: Shutting down and abandoning module TcpMessaging (282)
[2020.09.19-10.56.31:469][869]LogModuleManager: Shutting down and abandoning module MagicLeapIdentity (280)
[2020.09.19-10.56.31:469][869]LogModuleManager: Shutting down and abandoning module MagicLeapSecureStorage (278)
[2020.09.19-10.56.31:469][869]LogModuleManager: Shutting down and abandoning module MagicLeapHandTracking (276)
[2020.09.19-10.56.31:481][869]LogModuleManager: Shutting down and abandoning module MagicLeapEyeTracker (274)
[2020.09.19-10.56.31:481][869]LogModuleManager: Shutting down and abandoning module MagicLeapController (272)
[2020.09.19-10.56.31:488][869]LogSlate: Slate User Destroyed.  User Index 0, Is Virtual User: 0
[2020.09.19-10.56.31:488][869]LogModuleManager: Shutting down and abandoning module MagicLeapAR (270)
[2020.09.19-10.56.31:488][869]LogModuleManager: Shutting down and abandoning module AugmentedReality (269)
[2020.09.19-10.56.31:488][869]LogModuleManager: Shutting down and abandoning module GameplayTagsEditor (266)
[2020.09.19-10.56.31:502][869]LogModuleManager: Shutting down and abandoning module FacialAnimationEditor (264)
[2020.09.19-10.56.31:503][869]LogModuleManager: Shutting down and abandoning module FacialAnimation (262)
[2020.09.19-10.56.31:503][869]LogModuleManager: Shutting down and abandoning module DataValidation (260)
[2020.09.19-10.56.31:503][869]LogModuleManager: Shutting down and abandoning module AssetManagerEditor (258)
[2020.09.19-10.56.31:517][869]LogModuleManager: Shutting down and abandoning module LevelEditor (257)
[2020.09.19-10.56.31:527][869]LogModuleManager: Shutting down and abandoning module PixelInspectorModule (256)
[2020.09.19-10.56.31:541][869]LogModuleManager: Shutting down and abandoning module CommonMenuExtensions (254)
[2020.09.19-10.56.31:542][869]LogModuleManager: Shutting down and abandoning module MainFrame (252)
[2020.09.19-10.56.31:542][869]LogModuleManager: Shutting down and abandoning module HotReload (251)
[2020.09.19-10.56.31:558][869]LogModuleManager: Shutting down and abandoning module ContentBrowser (247)
[2020.09.19-10.56.31:566][869]LogModuleManager: Shutting down and abandoning module TreeMap (245)
[2020.09.19-10.56.31:577][869]LogModuleManager: Shutting down and abandoning module AnimationSharing (242)
[2020.09.19-10.56.31:577][869]LogModuleManager: Shutting down and abandoning module LightPropagationVolumeRuntime (240)
[2020.09.19-10.56.31:577][869]LogModuleManager: Shutting down and abandoning module AISupportModule (238)
[2020.09.19-10.56.31:577][869]LogModuleManager: Shutting down and abandoning module Paper2D (236)
[2020.09.19-10.56.31:591][869]LogModuleManager: Shutting down and abandoning module WindowsMoviePlayer (234)
[2020.09.19-10.56.31:623][869]LogModuleManager: Shutting down and abandoning module WebMMoviePlayer (232)
[2020.09.19-10.56.31:640][869]LogModuleManager: Shutting down and abandoning module PacketHandler (230)
[2020.09.19-10.56.31:641][869]LogModuleManager: Shutting down and abandoning module ClothingSystemEditor (228)
[2020.09.19-10.56.31:641][869]LogModuleManager: Shutting down and abandoning module ClothingSystemRuntime (226)
[2020.09.19-10.56.31:659][869]LogModuleManager: Shutting down and abandoning module MediaAssets (224)
[2020.09.19-10.56.31:660][869]LogModuleManager: Shutting down and abandoning module Overlay (222)
[2020.09.19-10.56.31:660][869]LogModuleManager: Shutting down and abandoning module OverlayEditor (221)
[2020.09.19-10.56.31:660][869]LogModuleManager: Shutting down and abandoning module VREditor (218)
[2020.09.19-10.56.31:676][869]LogModuleManager: Shutting down and abandoning module StringTableEditor (216)
[2020.09.19-10.56.31:692][869]LogModuleManager: Shutting down and abandoning module GameplayTasksEditor (214)
[2020.09.19-10.56.31:692][869]LogModuleManager: Shutting down and abandoning module BehaviorTreeEditor (212)
[2020.09.19-10.56.31:716][869]LogModuleManager: Shutting down and abandoning module FunctionalTesting (210)
[2020.09.19-10.56.31:726][869]LogModuleManager: Shutting down and abandoning module CollisionAnalyzer (208)
[2020.09.19-10.56.31:735][869]LogModuleManager: Shutting down and abandoning module WorkspaceMenuStructure (207)
[2020.09.19-10.56.31:745][869]LogModuleManager: Shutting down and abandoning module UMG (204)
[2020.09.19-10.56.31:763][869]LogModuleManager: Shutting down and abandoning module UMGEditor (203)
[2020.09.19-10.56.31:781][869]LogModuleManager: Shutting down and abandoning module Sequencer (202)
[2020.09.19-10.56.31:861][869]LogModuleManager: Shutting down and abandoning module MessageLog (199)
[2020.09.19-10.56.31:862][869]LogModuleManager: Shutting down and abandoning module SlateReflector (194)
[2020.09.19-10.56.31:888][869]LogModuleManager: Shutting down and abandoning module Slate (192)
[2020.09.19-10.56.31:888][869]LogModuleManager: Shutting down and abandoning module EditorStyle (190)
[2020.09.19-10.56.31:891][869]LogModuleManager: Shutting down and abandoning module UnrealEd (188)
[2020.09.19-10.56.31:891][869]LogModuleManager: Shutting down and abandoning module MRMesh (186)
[2020.09.19-10.56.31:891][869]LogModuleManager: Shutting down and abandoning module SourceCodeAccess (184)
[2020.09.19-10.56.31:891][869]LogModuleManager: Shutting down and abandoning module HeadMountedDisplay (182)
[2020.09.19-10.56.31:891][869]LogModuleManager: Shutting down and abandoning module XAudio2 (180)
[2020.09.19-10.56.31:891][869]LogModuleManager: Shutting down and abandoning module Networking (178)
[2020.09.19-10.56.31:891][869]LogModuleManager: Shutting down and abandoning module Core (176)
[2020.09.19-10.56.31:891][869]LogModuleManager: Shutting down and abandoning module KismetCompiler (174)
[2020.09.19-10.56.31:892][869]LogModuleManager: Shutting down and abandoning module MeshUtilities (172)
[2020.09.19-10.56.31:892][869]LogModuleManager: Shutting down and abandoning module MeshMergeUtilities (171)
[2020.09.19-10.56.31:906][869]LogModuleManager: Shutting down and abandoning module MeshReductionInterface (170)
[2020.09.19-10.56.31:906][869]LogModuleManager: Shutting down and abandoning module SkeletalMeshReduction (169)
[2020.09.19-10.56.31:918][869]LogModuleManager: Shutting down and abandoning module ProxyLODMeshReduction (167)
[2020.09.19-10.56.31:939][869]LogModuleManager: Shutting down and abandoning module QuadricMeshReduction (165)
[2020.09.19-10.56.31:946][869]LogModuleManager: Shutting down and abandoning module MaterialBaking (161)
[2020.09.19-10.56.31:956][869]LogModuleManager: Shutting down and abandoning module DerivedDataCache (156)
[2020.09.19-10.56.32:022][869]LogDerivedDataCache: Shutdown
[2020.09.19-10.56.32:022][869]LogModuleManager: Shutting down and abandoning module XGEController (154)
[2020.09.19-10.56.32:022][869]LogXGEController: Cleaning working directory: C:/Users/Nicholas/AppData/Local/Temp/UnrealXGEWorkingDir/
[2020.09.19-10.56.32:035][869]LogModuleManager: Shutting down and abandoning module TargetPlatform (152)
[2020.09.19-10.56.32:048][869]LogModuleManager: Shutting down and abandoning module VulkanShaderFormat (151)
[2020.09.19-10.56.32:086][869]LogModuleManager: Shutting down and abandoning module ShaderFormatVectorVM (149)
[2020.09.19-10.56.32:098][869]LogModuleManager: Shutting down and abandoning module ShaderFormatOpenGL (147)
[2020.09.19-10.56.32:107][869]LogModuleManager: Shutting down and abandoning module ShaderFormatD3D (145)
[2020.09.19-10.56.32:113][869]LogModuleManager: Shutting down and abandoning module MetalShaderFormat (143)
[2020.09.19-10.56.32:128][869]LogModuleManager: Shutting down and abandoning module TextureFormatUncompressed (141)
[2020.09.19-10.56.32:128][869]LogModuleManager: Shutting down and abandoning module TextureFormatPVR (139)
[2020.09.19-10.56.32:128][869]LogModuleManager: Shutting down and abandoning module TextureFormatDXT (137)
[2020.09.19-10.56.32:145][869]LogModuleManager: Shutting down and abandoning module TextureFormatIntelISPCTexComp (135)
[2020.09.19-10.56.32:158][869]LogModuleManager: Shutting down and abandoning module TextureFormatASTC (133)
[2020.09.19-10.56.32:158][869]LogModuleManager: Shutting down and abandoning module ImageWrapper (132)
[2020.09.19-10.56.32:158][869]LogModuleManager: Shutting down and abandoning module TextureFormatAndroid (129)
[2020.09.19-10.56.32:159][869]LogModuleManager: Shutting down and abandoning module AudioFormatOpus (127)
[2020.09.19-10.56.32:171][869]LogModuleManager: Shutting down and abandoning module AudioFormatOgg (125)
[2020.09.19-10.56.32:171][869]LogModuleManager: Shutting down and abandoning module AudioFormatADPCM (123)
[2020.09.19-10.56.32:180][869]LogModuleManager: Shutting down and abandoning module LuminTargetPlatform (121)
[2020.09.19-10.56.32:209][869]LogModuleManager: Shutting down and abandoning module LinuxTargetPlatform (119)
[2020.09.19-10.56.32:209][869]LogModuleManager: Shutting down and abandoning module LinuxServerTargetPlatform (117)
[2020.09.19-10.56.32:214][869]LogModuleManager: Shutting down and abandoning module LinuxNoEditorTargetPlatform (115)
[2020.09.19-10.56.32:221][869]LogModuleManager: Shutting down and abandoning module LinuxClientTargetPlatform (113)
[2020.09.19-10.56.32:231][869]LogModuleManager: Shutting down and abandoning module TVOSTargetPlatform (111)
[2020.09.19-10.56.32:237][869]LogModuleManager: Shutting down and abandoning module Messaging (109)
[2020.09.19-10.56.32:237][869]LogModuleManager: Shutting down and abandoning module IOSTargetPlatform (107)
[2020.09.19-10.56.32:241][869]LogModuleManager: Shutting down and abandoning module HTML5TargetPlatform (105)
[2020.09.19-10.56.32:242][869]LogModuleManager: Shutting down and abandoning module AndroidTargetPlatform (103)
[2020.09.19-10.56.32:275][869]LogModuleManager: Shutting down and abandoning module WindowsTargetPlatform (101)
[2020.09.19-10.56.32:275][869]LogModuleManager: Shutting down and abandoning module WindowsServerTargetPlatform (99)
[2020.09.19-10.56.32:275][869]LogModuleManager: Shutting down and abandoning module WindowsNoEditorTargetPlatform (97)
[2020.09.19-10.56.32:275][869]LogModuleManager: Shutting down and abandoning module WindowsClientTargetPlatform (95)
[2020.09.19-10.56.32:276][869]LogModuleManager: Shutting down and abandoning module MacTargetPlatform (93)
[2020.09.19-10.56.32:276][869]LogModuleManager: Shutting down and abandoning module MacServerTargetPlatform (91)
[2020.09.19-10.56.32:276][869]LogModuleManager: Shutting down and abandoning module MacNoEditorTargetPlatform (89)
[2020.09.19-10.56.32:276][869]LogModuleManager: Shutting down and abandoning module MacClientTargetPlatform (87)
[2020.09.19-10.56.32:276][869]LogModuleManager: Shutting down and abandoning module AllDesktopTargetPlatform (85)
[2020.09.19-10.56.32:276][869]LogModuleManager: Shutting down and abandoning module InputCore (82)
[2020.09.19-10.56.32:276][869]LogModuleManager: Shutting down and abandoning module Settings (80)
[2020.09.19-10.56.32:276][869]LogModuleManager: Shutting down and abandoning module DirectoryWatcher (78)
[2020.09.19-10.56.32:278][869]LogModuleManager: Shutting down and abandoning module PhysXCooking (76)
[2020.09.19-10.56.32:278][869]LogModuleManager: Shutting down and abandoning module SteamVR (74)
[2020.09.19-10.56.32:320][869]LogHMD: Freeing OpenVRDLLHandle.
[2020.09.19-10.56.32:320][869]LogModuleManager: Shutting down and abandoning module OculusHMD (72)
[2020.09.19-10.56.32:338][869]LogModuleManager: Shutting down and abandoning module ExampleDeviceProfileSelector (70)
[2020.09.19-10.56.32:338][869]LogModuleManager: Shutting down and abandoning module LauncherChunkInstaller (68)
[2020.09.19-10.56.32:338][869]LogModuleManager: Shutting down and abandoning module OnlineBlueprintSupport (66)
[2020.09.19-10.56.32:338][869]LogModuleManager: Shutting down and abandoning module OnlineSubsystem (62)
[2020.09.19-10.56.32:340][869]LogModuleManager: Shutting down and abandoning module XMPP (57)
[2020.09.19-10.56.32:352][869]LogModuleManager: Shutting down and abandoning module WebSockets (56)
[2020.09.19-10.56.32:399][869]LogModuleManager: Shutting down and abandoning module HTTP (53)
[2020.09.19-10.56.32:399][869]LogHttp: Display: Http module shutting down, but needs to wait on 1 outstanding Http requests:
[2020.09.19-10.56.32:399][869]LogHttp: Display: 	verb=[POST] url=[https://datarouter.ol.epicgames.com/datarouter/api/v1/public/data?SessionID=%7B0F73C2D4-4736-B456-4D3E-E1859F615B65%7D&AppID=UEEditor.Rocket.Release&AppVersion=4.22.3-7053642%2B%2B%2BUE4%2BRelease-4.22&UserID=a43417d343a2c3d3c9a06f9cd27f886c%7C162121d8b4ed4c199d754fc701fbc70f%7Cbc509c7f-e492-4735-a4e0-617525bc5abe&AppEnvironment=datacollector-binary&UploadType=eteventstream] status=Processing
[2020.09.19-10.56.32:405][869]LogModuleManager: Shutting down and abandoning module SSL (52)
[2020.09.19-10.56.32:408][869]LogModuleManager: Shutting down and abandoning module WmfMedia (48)
[2020.09.19-10.56.32:422][869]LogModuleManager: Shutting down and abandoning module Media (47)
[2020.09.19-10.56.32:429][869]LogModuleManager: Shutting down and abandoning module MagicLeap (44)
[2020.09.19-10.56.32:439][869]LogModuleManager: Shutting down and abandoning module DatasmithContent (42)
[2020.09.19-10.56.32:440][869]LogModuleManager: Shutting down and abandoning module DesktopPlatform (40)
[2020.09.19-10.56.32:452][869]LogModuleManager: Shutting down and abandoning module AnimationModifiers (38)
[2020.09.19-10.56.32:464][869]LogModuleManager: Shutting down and abandoning module PropertyEditor (37)
[2020.09.19-10.56.32:473][869]LogModuleManager: Shutting down and abandoning module AudioEditor (34)
[2020.09.19-10.56.32:535][869]LogModuleManager: Shutting down and abandoning module TextureCompressor (32)
[2020.09.19-10.56.32:557][869]LogModuleManager: Shutting down and abandoning module RenderCore (30)
[2020.09.19-10.56.32:557][869]LogModuleManager: Shutting down and abandoning module Landscape (28)
[2020.09.19-10.56.32:557][869]LogModuleManager: Shutting down and abandoning module SlateRHIRenderer (26)
[2020.09.19-10.56.32:578][869]LogModuleManager: Shutting down and abandoning module OpenGLDrv (24)
[2020.09.19-10.56.32:600][869]LogModuleManager: Shutting down and abandoning module D3D11RHI (22)
[2020.09.19-10.56.32:600][869]LogModuleManager: Shutting down and abandoning module AnimGraphRuntime (20)
[2020.09.19-10.56.32:611][869]LogModuleManager: Shutting down and abandoning module Renderer (18)
[2020.09.19-10.56.32:611][869]LogModuleManager: Shutting down and abandoning module Engine (16)
[2020.09.19-10.56.32:611][869]LogModuleManager: Shutting down and abandoning module CoreUObject (14)
[2020.09.19-10.56.32:611][869]LogModuleManager: Shutting down and abandoning module NetworkFile (12)
[2020.09.19-10.56.32:620][869]LogModuleManager: Shutting down and abandoning module CookedIterativeFile (10)
[2020.09.19-10.56.32:621][869]LogModuleManager: Shutting down and abandoning module StreamingFile (8)
[2020.09.19-10.56.32:626][869]LogModuleManager: Shutting down and abandoning module SandboxFile (6)
[2020.09.19-10.56.32:626][869]LogModuleManager: Shutting down and abandoning module PakFile (4)
[2020.09.19-10.56.32:637][869]LogModuleManager: Shutting down and abandoning module RSA (3)
[2020.09.19-10.56.32:668][869]LogExit: Exiting.
[2020.09.19-10.56.32:718][869]Log file closed, 09/19/20 03:56:32
